[ 2016-02-19T09:28:18+08:00 ] ::1 /
INFO: [ app_init ] --START--
INFO: Run Behavior\BuildLiteBehavior [ RunTime:0.000000s ]
INFO: [ app_init ] --END-- [ RunTime:0.001000s ]
INFO: [ app_begin ] --START--
INFO: Run Behavior\ReadHtmlCacheBehavior [ RunTime:0.002000s ]
INFO: [ app_begin ] --END-- [ RunTime:0.002000s ]
NOTIC: [2] Missing argument 1 for Think\Controller::show(), called in G:\WWW7\Application\Home\Controller\IndexController.class.php on line 6 and defined G:\WWW7\ThinkPHP\Library\Think\Controller.class.php 第 68 行.
NOTIC: [8] Undefined variable: content G:\WWW7\ThinkPHP\Library\Think\Controller.class.php 第 69 行.
INFO: [ view_parse ] --START--
INFO: [ template_filter ] --START--
INFO: Run Behavior\ContentReplaceBehavior [ RunTime:0.000000s ]
INFO: [ template_filter ] --END-- [ RunTime:0.001000s ]
INFO: Run Behavior\ParseTemplateBehavior [ RunTime:0.032002s ]
INFO: [ view_parse ] --END-- [ RunTime:0.032002s ]
INFO: [ view_filter ] --START--
INFO: Run Behavior\WriteHtmlCacheBehavior [ RunTime:0.001000s ]
INFO: [ view_filter ] --END-- [ RunTime:0.001000s ]
INFO: [ app_end ] --START--
INFO: Run Behavior\ShowPageTraceBehavior [ RunTime:0.001000s ]
INFO: [ app_end ] --END-- [ RunTime:0.001000s ]

[ 2016-02-19T09:28:18+08:00 ] ::1 /favicon.ico
INFO: [ app_init ] --START--
INFO: Run Behavior\BuildLiteBehavior [ RunTime:0.000000s ]
INFO: [ app_init ] --END-- [ RunTime:0.000000s ]

[ 2016-02-19T09:28:20+08:00 ] ::1 /index.php/CustomerInfo/all.html
INFO: [ app_init ] --START--
INFO: Run Behavior\BuildLiteBehavior [ RunTime:0.000000s ]
INFO: [ app_init ] --END-- [ RunTime:0.000000s ]
INFO: [ app_begin ] --START--
INFO: Run Behavior\ReadHtmlCacheBehavior [ RunTime:0.000000s ]
INFO: [ app_begin ] --END-- [ RunTime:0.000000s ]
SQL: SHOW COLUMNS FROM `cdm_customer_info` [ RunTime:0.0080s ]
NOTIC: [2] Missing argument 1 for Think\Model::where(), called in G:\WWW7\Application\Home\Controller\CustomerInfoController.class.php on line 9 and defined G:\WWW7\ThinkPHP\Library\Think\Model.class.php 第 1797 行.
NOTIC: [8] Undefined variable: where G:\WWW7\ThinkPHP\Library\Think\Model.class.php 第 1805 行.
NOTIC: [8] Undefined variable: where G:\WWW7\ThinkPHP\Library\Think\Model.class.php 第 1808 行.
NOTIC: [8] Undefined variable: where G:\WWW7\ThinkPHP\Library\Think\Model.class.php 第 1816 行.
SQL: SELECT COUNT(*) AS tp_count FROM `cdm_customer_info` LIMIT 1   [ RunTime:0.0010s ]
NOTIC: [2] Missing argument 1 for Think\Model::where(), called in G:\WWW7\Application\Home\Controller\CustomerInfoController.class.php on line 12 and defined G:\WWW7\ThinkPHP\Library\Think\Model.class.php 第 1797 行.
NOTIC: [8] Undefined variable: where G:\WWW7\ThinkPHP\Library\Think\Model.class.php 第 1805 行.
NOTIC: [8] Undefined variable: where G:\WWW7\ThinkPHP\Library\Think\Model.class.php 第 1808 行.
NOTIC: [8] Undefined variable: where G:\WWW7\ThinkPHP\Library\Think\Model.class.php 第 1816 行.
SQL: SELECT * FROM `cdm_customer_info` LIMIT 0,15   [ RunTime:0.0010s ]
INFO: [ view_parse ] --START--
INFO: [ template_filter ] --START--
INFO: Run Behavior\ContentReplaceBehavior [ RunTime:0.000000s ]
INFO: [ template_filter ] --END-- [ RunTime:0.000000s ]
NOTIC: [8] Use of undefined constant id - assumed 'id' G:\WWW7\Application\Runtime\Cache\Home\33c323f555a584fde2ecea8d8817275e.php 第 410 行.
NOTIC: [8] Use of undefined constant id - assumed 'id' G:\WWW7\Application\Runtime\Cache\Home\33c323f555a584fde2ecea8d8817275e.php 第 412 行.
NOTIC: [8] Use of undefined constant id - assumed 'id' G:\WWW7\Application\Runtime\Cache\Home\33c323f555a584fde2ecea8d8817275e.php 第 410 行.
NOTIC: [8] Use of undefined constant id - assumed 'id' G:\WWW7\Application\Runtime\Cache\Home\33c323f555a584fde2ecea8d8817275e.php 第 412 行.
NOTIC: [8] Use of undefined constant id - assumed 'id' G:\WWW7\Application\Runtime\Cache\Home\33c323f555a584fde2ecea8d8817275e.php 第 410 行.
NOTIC: [8] Use of undefined constant id - assumed 'id' G:\WWW7\Application\Runtime\Cache\Home\33c323f555a584fde2ecea8d8817275e.php 第 412 行.
NOTIC: [8] Use of undefined constant id - assumed 'id' G:\WWW7\Application\Runtime\Cache\Home\33c323f555a584fde2ecea8d8817275e.php 第 410 行.
NOTIC: [8] Use of undefined constant id - assumed 'id' G:\WWW7\Application\Runtime\Cache\Home\33c323f555a584fde2ecea8d8817275e.php 第 412 行.
INFO: Run Behavior\ParseTemplateBehavior [ RunTime:0.012000s ]
INFO: [ view_parse ] --END-- [ RunTime:0.012000s ]
INFO: [ view_filter ] --START--
INFO: Run Behavior\WriteHtmlCacheBehavior [ RunTime:0.001000s ]
INFO: [ view_filter ] --END-- [ RunTime:0.001000s ]
INFO: [ app_end ] --START--
INFO: Run Behavior\ShowPageTraceBehavior [ RunTime:0.001001s ]
INFO: [ app_end ] --END-- [ RunTime:0.001001s ]

[ 2016-02-19T09:28:20+08:00 ] ::1 /Public/Static/bower_components/datatables-responsive/css/dataTables.responsive.css
INFO: [ app_init ] --START--
INFO: Run Behavior\BuildLiteBehavior [ RunTime:0.000000s ]
INFO: [ app_init ] --END-- [ RunTime:0.001000s ]
INFO: [ app_begin ] --START--
INFO: Run Behavior\ReadHtmlCacheBehavior [ RunTime:0.001000s ]
INFO: [ app_begin ] --END-- [ RunTime:0.001000s ]
ERR: 无法加载控制器:Public

[ 2016-02-19T09:28:22+08:00 ] ::1 /index.php/CustomerInfo/edit/id/4.html
INFO: [ app_init ] --START--
INFO: Run Behavior\BuildLiteBehavior [ RunTime:0.000000s ]
INFO: [ app_init ] --END-- [ RunTime:0.000000s ]
INFO: [ app_begin ] --START--
INFO: Run Behavior\ReadHtmlCacheBehavior [ RunTime:0.000000s ]
INFO: [ app_begin ] --END-- [ RunTime:0.000000s ]
SQL: SHOW COLUMNS FROM `cdm_customer_info` [ RunTime:0.0110s ]
SQL: SELECT * FROM `cdm_customer_info` WHERE `id` = 4 LIMIT 1   [ RunTime:0.0020s ]
INFO: [ view_parse ] --START--
INFO: [ template_filter ] --START--
INFO: Run Behavior\ContentReplaceBehavior [ RunTime:0.000000s ]
INFO: [ template_filter ] --END-- [ RunTime:0.000000s ]
INFO: Run Behavior\ParseTemplateBehavior [ RunTime:0.008000s ]
INFO: [ view_parse ] --END-- [ RunTime:0.008000s ]
INFO: [ view_filter ] --START--
INFO: Run Behavior\WriteHtmlCacheBehavior [ RunTime:0.000000s ]
INFO: [ view_filter ] --END-- [ RunTime:0.000000s ]
INFO: [ app_end ] --START--
INFO: Run Behavior\ShowPageTraceBehavior [ RunTime:0.000000s ]
INFO: [ app_end ] --END-- [ RunTime:0.000000s ]

[ 2016-02-19T09:28:26+08:00 ] ::1 /index.php/CustomerInfo/delete/id/4.html
INFO: [ app_init ] --START--
INFO: Run Behavior\BuildLiteBehavior [ RunTime:0.000000s ]
INFO: [ app_init ] --END-- [ RunTime:0.001000s ]
INFO: [ app_begin ] --START--
INFO: Run Behavior\ReadHtmlCacheBehavior [ RunTime:0.001000s ]
INFO: [ app_begin ] --END-- [ RunTime:0.001000s ]
SQL: SHOW COLUMNS FROM `cdm_customer_info` [ RunTime:0.0110s ]
SQL: DELETE FROM `cdm_customer_info` WHERE ( id=4 ) [ RunTime:0.0010s ]
INFO: [ view_parse ] --START--
INFO: [ template_filter ] --START--
INFO: Run Behavior\ContentReplaceBehavior [ RunTime:0.000000s ]
INFO: [ template_filter ] --END-- [ RunTime:0.000000s ]
INFO: Run Behavior\ParseTemplateBehavior [ RunTime:0.004000s ]
INFO: [ view_parse ] --END-- [ RunTime:0.004000s ]
INFO: [ view_filter ] --START--
INFO: Run Behavior\WriteHtmlCacheBehavior [ RunTime:0.001000s ]
INFO: [ view_filter ] --END-- [ RunTime:0.001000s ]
INFO: [ app_end ] --START--
INFO: Run Behavior\ShowPageTraceBehavior [ RunTime:0.000000s ]
INFO: [ app_end ] --END-- [ RunTime:0.000000s ]

[ 2016-02-19T09:28:27+08:00 ] ::1 /index.php/CustomerInfo/all.html
INFO: [ app_init ] --START--
INFO: Run Behavior\BuildLiteBehavior [ RunTime:0.000000s ]
INFO: [ app_init ] --END-- [ RunTime:0.000000s ]
INFO: [ app_begin ] --START--
INFO: Run Behavior\ReadHtmlCacheBehavior [ RunTime:0.001000s ]
INFO: [ app_begin ] --END-- [ RunTime:0.001000s ]
SQL: SHOW COLUMNS FROM `cdm_customer_info` [ RunTime:0.0070s ]
NOTIC: [2] Missing argument 1 for Think\Model::where(), called in G:\WWW7\Application\Home\Controller\CustomerInfoController.class.php on line 9 and defined G:\WWW7\ThinkPHP\Library\Think\Model.class.php 第 1797 行.
NOTIC: [8] Undefined variable: where G:\WWW7\ThinkPHP\Library\Think\Model.class.php 第 1805 行.
NOTIC: [8] Undefined variable: where G:\WWW7\ThinkPHP\Library\Think\Model.class.php 第 1808 行.
NOTIC: [8] Undefined variable: where G:\WWW7\ThinkPHP\Library\Think\Model.class.php 第 1816 行.
SQL: SELECT COUNT(*) AS tp_count FROM `cdm_customer_info` LIMIT 1   [ RunTime:0.0010s ]
NOTIC: [2] Missing argument 1 for Think\Model::where(), called in G:\WWW7\Application\Home\Controller\CustomerInfoController.class.php on line 12 and defined G:\WWW7\ThinkPHP\Library\Think\Model.class.php 第 1797 行.
NOTIC: [8] Undefined variable: where G:\WWW7\ThinkPHP\Library\Think\Model.class.php 第 1805 行.
NOTIC: [8] Undefined variable: where G:\WWW7\ThinkPHP\Library\Think\Model.class.php 第 1808 行.
NOTIC: [8] Undefined variable: where G:\WWW7\ThinkPHP\Library\Think\Model.class.php 第 1816 行.
SQL: SELECT * FROM `cdm_customer_info` LIMIT 0,15   [ RunTime:0.0010s ]
INFO: [ view_parse ] --START--
INFO: [ template_filter ] --START--
INFO: Run Behavior\ContentReplaceBehavior [ RunTime:0.000000s ]
INFO: [ template_filter ] --END-- [ RunTime:0.001000s ]
NOTIC: [8] Use of undefined constant id - assumed 'id' G:\WWW7\Application\Runtime\Cache\Home\33c323f555a584fde2ecea8d8817275e.php 第 410 行.
NOTIC: [8] Use of undefined constant id - assumed 'id' G:\WWW7\Application\Runtime\Cache\Home\33c323f555a584fde2ecea8d8817275e.php 第 412 行.
NOTIC: [8] Use of undefined constant id - assumed 'id' G:\WWW7\Application\Runtime\Cache\Home\33c323f555a584fde2ecea8d8817275e.php 第 410 行.
NOTIC: [8] Use of undefined constant id - assumed 'id' G:\WWW7\Application\Runtime\Cache\Home\33c323f555a584fde2ecea8d8817275e.php 第 412 行.
NOTIC: [8] Use of undefined constant id - assumed 'id' G:\WWW7\Application\Runtime\Cache\Home\33c323f555a584fde2ecea8d8817275e.php 第 410 行.
NOTIC: [8] Use of undefined constant id - assumed 'id' G:\WWW7\Application\Runtime\Cache\Home\33c323f555a584fde2ecea8d8817275e.php 第 412 行.
INFO: Run Behavior\ParseTemplateBehavior [ RunTime:0.013001s ]
INFO: [ view_parse ] --END-- [ RunTime:0.013001s ]
INFO: [ view_filter ] --START--
INFO: Run Behavior\WriteHtmlCacheBehavior [ RunTime:0.000000s ]
INFO: [ view_filter ] --END-- [ RunTime:0.000000s ]
INFO: [ app_end ] --START--
INFO: Run Behavior\ShowPageTraceBehavior [ RunTime:0.002000s ]
INFO: [ app_end ] --END-- [ RunTime:0.002000s ]

[ 2016-02-19T09:28:27+08:00 ] ::1 /Public/Static/bower_components/datatables-responsive/css/dataTables.responsive.css
INFO: [ app_init ] --START--
INFO: Run Behavior\BuildLiteBehavior [ RunTime:0.000000s ]
INFO: [ app_init ] --END-- [ RunTime:0.001000s ]
INFO: [ app_begin ] --START--
INFO: Run Behavior\ReadHtmlCacheBehavior [ RunTime:0.001000s ]
INFO: [ app_begin ] --END-- [ RunTime:0.001000s ]
ERR: 无法加载控制器:Public

[ 2016-02-19T09:31:39+08:00 ] ::1 /
INFO: [ app_init ] --START--
INFO: Run Behavior\BuildLiteBehavior [ RunTime:0.000000s ]
INFO: [ app_init ] --END-- [ RunTime:0.000000s ]
INFO: [ app_begin ] --START--
INFO: Run Behavior\ReadHtmlCacheBehavior [ RunTime:0.000000s ]
INFO: [ app_begin ] --END-- [ RunTime:0.000000s ]
NOTIC: [2] Missing argument 1 for Think\Controller::show(), called in G:\WWW7\Application\Home\Controller\IndexController.class.php on line 6 and defined G:\WWW7\ThinkPHP\Library\Think\Controller.class.php 第 68 行.
NOTIC: [8] Undefined variable: content G:\WWW7\ThinkPHP\Library\Think\Controller.class.php 第 69 行.
INFO: [ view_parse ] --START--
INFO: [ template_filter ] --START--
INFO: Run Behavior\ContentReplaceBehavior [ RunTime:0.000000s ]
INFO: [ template_filter ] --END-- [ RunTime:0.000000s ]
INFO: Run Behavior\ParseTemplateBehavior [ RunTime:0.009000s ]
INFO: [ view_parse ] --END-- [ RunTime:0.009000s ]
INFO: [ view_filter ] --START--
INFO: Run Behavior\WriteHtmlCacheBehavior [ RunTime:0.001000s ]
INFO: [ view_filter ] --END-- [ RunTime:0.001000s ]
INFO: [ app_end ] --START--
INFO: Run Behavior\ShowPageTraceBehavior [ RunTime:0.000000s ]
INFO: [ app_end ] --END-- [ RunTime:0.000000s ]

[ 2016-02-19T09:31:42+08:00 ] ::1 /index.php/CustomerInfo/all.html
INFO: [ app_init ] --START--
INFO: Run Behavior\BuildLiteBehavior [ RunTime:0.000000s ]
INFO: [ app_init ] --END-- [ RunTime:0.001000s ]
INFO: [ app_begin ] --START--
INFO: Run Behavior\ReadHtmlCacheBehavior [ RunTime:0.000000s ]
INFO: [ app_begin ] --END-- [ RunTime:0.000000s ]
SQL: SHOW COLUMNS FROM `cdm_customer_info` [ RunTime:0.0080s ]
NOTIC: [2] Missing argument 1 for Think\Model::where(), called in G:\WWW7\Application\Home\Controller\CustomerInfoController.class.php on line 9 and defined G:\WWW7\ThinkPHP\Library\Think\Model.class.php 第 1797 行.
NOTIC: [8] Undefined variable: where G:\WWW7\ThinkPHP\Library\Think\Model.class.php 第 1805 行.
NOTIC: [8] Undefined variable: where G:\WWW7\ThinkPHP\Library\Think\Model.class.php 第 1808 行.
NOTIC: [8] Undefined variable: where G:\WWW7\ThinkPHP\Library\Think\Model.class.php 第 1816 行.
SQL: SELECT COUNT(*) AS tp_count FROM `cdm_customer_info` LIMIT 1   [ RunTime:0.0010s ]
NOTIC: [2] Missing argument 1 for Think\Model::where(), called in G:\WWW7\Application\Home\Controller\CustomerInfoController.class.php on line 12 and defined G:\WWW7\ThinkPHP\Library\Think\Model.class.php 第 1797 行.
NOTIC: [8] Undefined variable: where G:\WWW7\ThinkPHP\Library\Think\Model.class.php 第 1805 行.
NOTIC: [8] Undefined variable: where G:\WWW7\ThinkPHP\Library\Think\Model.class.php 第 1808 行.
NOTIC: [8] Undefined variable: where G:\WWW7\ThinkPHP\Library\Think\Model.class.php 第 1816 行.
SQL: SELECT * FROM `cdm_customer_info` LIMIT 0,15   [ RunTime:0.0010s ]
INFO: [ view_parse ] --START--
INFO: [ template_filter ] --START--
INFO: Run Behavior\ContentReplaceBehavior [ RunTime:0.000000s ]
INFO: [ template_filter ] --END-- [ RunTime:0.000000s ]
NOTIC: [8] Use of undefined constant id - assumed 'id' G:\WWW7\Application\Runtime\Cache\Home\33c323f555a584fde2ecea8d8817275e.php 第 410 行.
NOTIC: [8] Use of undefined constant id - assumed 'id' G:\WWW7\Application\Runtime\Cache\Home\33c323f555a584fde2ecea8d8817275e.php 第 412 行.
NOTIC: [8] Use of undefined constant id - assumed 'id' G:\WWW7\Application\Runtime\Cache\Home\33c323f555a584fde2ecea8d8817275e.php 第 410 行.
NOTIC: [8] Use of undefined constant id - assumed 'id' G:\WWW7\Application\Runtime\Cache\Home\33c323f555a584fde2ecea8d8817275e.php 第 412 行.
NOTIC: [8] Use of undefined constant id - assumed 'id' G:\WWW7\Application\Runtime\Cache\Home\33c323f555a584fde2ecea8d8817275e.php 第 410 行.
NOTIC: [8] Use of undefined constant id - assumed 'id' G:\WWW7\Application\Runtime\Cache\Home\33c323f555a584fde2ecea8d8817275e.php 第 412 行.
INFO: Run Behavior\ParseTemplateBehavior [ RunTime:0.009000s ]
INFO: [ view_parse ] --END-- [ RunTime:0.009000s ]
INFO: [ view_filter ] --START--
INFO: Run Behavior\WriteHtmlCacheBehavior [ RunTime:0.001000s ]
INFO: [ view_filter ] --END-- [ RunTime:0.001000s ]
INFO: [ app_end ] --START--
INFO: Run Behavior\ShowPageTraceBehavior [ RunTime:0.000000s ]
INFO: [ app_end ] --END-- [ RunTime:0.000000s ]

[ 2016-02-19T09:31:42+08:00 ] ::1 /Public/Static/bower_components/datatables-responsive/css/dataTables.responsive.css
INFO: [ app_init ] --START--
INFO: Run Behavior\BuildLiteBehavior [ RunTime:0.000000s ]
INFO: [ app_init ] --END-- [ RunTime:0.000000s ]
INFO: [ app_begin ] --START--
INFO: Run Behavior\ReadHtmlCacheBehavior [ RunTime:0.000000s ]
INFO: [ app_begin ] --END-- [ RunTime:0.000000s ]
ERR: 无法加载控制器:Public

[ 2016-02-19T09:31:49+08:00 ] ::1 /CustomerInfo/all.html
INFO: [ app_init ] --START--
INFO: Run Behavior\BuildLiteBehavior [ RunTime:0.000000s ]
INFO: [ app_init ] --END-- [ RunTime:0.001000s ]
INFO: [ app_begin ] --START--
INFO: Run Behavior\ReadHtmlCacheBehavior [ RunTime:0.001000s ]
INFO: [ app_begin ] --END-- [ RunTime:0.001000s ]
SQL: SHOW COLUMNS FROM `cdm_customer_info` [ RunTime:0.0110s ]
NOTIC: [2] Missing argument 1 for Think\Model::where(), called in G:\WWW7\Application\Home\Controller\CustomerInfoController.class.php on line 9 and defined G:\WWW7\ThinkPHP\Library\Think\Model.class.php 第 1797 行.
NOTIC: [8] Undefined variable: where G:\WWW7\ThinkPHP\Library\Think\Model.class.php 第 1805 行.
NOTIC: [8] Undefined variable: where G:\WWW7\ThinkPHP\Library\Think\Model.class.php 第 1808 行.
NOTIC: [8] Undefined variable: where G:\WWW7\ThinkPHP\Library\Think\Model.class.php 第 1816 行.
SQL: SELECT COUNT(*) AS tp_count FROM `cdm_customer_info` LIMIT 1   [ RunTime:0.0010s ]
NOTIC: [2] Missing argument 1 for Think\Model::where(), called in G:\WWW7\Application\Home\Controller\CustomerInfoController.class.php on line 12 and defined G:\WWW7\ThinkPHP\Library\Think\Model.class.php 第 1797 行.
NOTIC: [8] Undefined variable: where G:\WWW7\ThinkPHP\Library\Think\Model.class.php 第 1805 行.
NOTIC: [8] Undefined variable: where G:\WWW7\ThinkPHP\Library\Think\Model.class.php 第 1808 行.
NOTIC: [8] Undefined variable: where G:\WWW7\ThinkPHP\Library\Think\Model.class.php 第 1816 行.
SQL: SELECT * FROM `cdm_customer_info` LIMIT 0,15   [ RunTime:0.0010s ]
INFO: [ view_parse ] --START--
INFO: [ template_filter ] --START--
INFO: Run Behavior\ContentReplaceBehavior [ RunTime:0.000000s ]
INFO: [ template_filter ] --END-- [ RunTime:0.000000s ]
NOTIC: [8] Use of undefined constant id - assumed 'id' G:\WWW7\Application\Runtime\Cache\Home\33c323f555a584fde2ecea8d8817275e.php 第 410 行.
NOTIC: [8] Use of undefined constant id - assumed 'id' G:\WWW7\Application\Runtime\Cache\Home\33c323f555a584fde2ecea8d8817275e.php 第 412 行.
NOTIC: [8] Use of undefined constant id - assumed 'id' G:\WWW7\Application\Runtime\Cache\Home\33c323f555a584fde2ecea8d8817275e.php 第 410 行.
NOTIC: [8] Use of undefined constant id - assumed 'id' G:\WWW7\Application\Runtime\Cache\Home\33c323f555a584fde2ecea8d8817275e.php 第 412 行.
NOTIC: [8] Use of undefined constant id - assumed 'id' G:\WWW7\Application\Runtime\Cache\Home\33c323f555a584fde2ecea8d8817275e.php 第 410 行.
NOTIC: [8] Use of undefined constant id - assumed 'id' G:\WWW7\Application\Runtime\Cache\Home\33c323f555a584fde2ecea8d8817275e.php 第 412 行.
INFO: Run Behavior\ParseTemplateBehavior [ RunTime:0.010000s ]
INFO: [ view_parse ] --END-- [ RunTime:0.010000s ]
INFO: [ view_filter ] --START--
INFO: Run Behavior\WriteHtmlCacheBehavior [ RunTime:0.000000s ]
INFO: [ view_filter ] --END-- [ RunTime:0.000000s ]
INFO: [ app_end ] --START--
INFO: Run Behavior\ShowPageTraceBehavior [ RunTime:0.001001s ]
INFO: [ app_end ] --END-- [ RunTime:0.001001s ]

[ 2016-02-19T09:31:49+08:00 ] ::1 /Public/Static/bower_components/datatables-responsive/css/dataTables.responsive.css
INFO: [ app_init ] --START--
INFO: Run Behavior\BuildLiteBehavior [ RunTime:0.000000s ]
INFO: [ app_init ] --END-- [ RunTime:0.000000s ]
INFO: [ app_begin ] --START--
INFO: Run Behavior\ReadHtmlCacheBehavior [ RunTime:0.001000s ]
INFO: [ app_begin ] --END-- [ RunTime:0.001000s ]
ERR: 无法加载控制器:Public

[ 2016-02-19T09:31:58+08:00 ] ::1 /index.php/Deal/all.html
INFO: [ app_init ] --START--
INFO: Run Behavior\BuildLiteBehavior [ RunTime:0.000000s ]
INFO: [ app_init ] --END-- [ RunTime:0.000000s ]
INFO: [ app_begin ] --START--
INFO: Run Behavior\ReadHtmlCacheBehavior [ RunTime:0.000000s ]
INFO: [ app_begin ] --END-- [ RunTime:0.001000s ]
SQL: SHOW COLUMNS FROM `cdm_deal` [ RunTime:0.0050s ]
NOTIC: [2] Missing argument 1 for Think\Model::where(), called in G:\WWW7\Application\Home\Controller\DealController.class.php on line 9 and defined G:\WWW7\ThinkPHP\Library\Think\Model.class.php 第 1797 行.
NOTIC: [8] Undefined variable: where G:\WWW7\ThinkPHP\Library\Think\Model.class.php 第 1805 行.
NOTIC: [8] Undefined variable: where G:\WWW7\ThinkPHP\Library\Think\Model.class.php 第 1808 行.
NOTIC: [8] Undefined variable: where G:\WWW7\ThinkPHP\Library\Think\Model.class.php 第 1816 行.
SQL: SELECT COUNT(*) AS tp_count FROM `cdm_deal` LIMIT 1   [ RunTime:0.0010s ]
NOTIC: [2] Missing argument 1 for Think\Model::where(), called in G:\WWW7\Application\Home\Controller\DealController.class.php on line 12 and defined G:\WWW7\ThinkPHP\Library\Think\Model.class.php 第 1797 行.
NOTIC: [8] Undefined variable: where G:\WWW7\ThinkPHP\Library\Think\Model.class.php 第 1805 行.
NOTIC: [8] Undefined variable: where G:\WWW7\ThinkPHP\Library\Think\Model.class.php 第 1808 行.
NOTIC: [8] Undefined variable: where G:\WWW7\ThinkPHP\Library\Think\Model.class.php 第 1816 行.
SQL: SELECT * FROM `cdm_deal` LIMIT 0,15   [ RunTime:0.0020s ]
INFO: [ view_parse ] --START--
INFO: [ template_filter ] --START--
INFO: Run Behavior\ContentReplaceBehavior [ RunTime:0.000000s ]
INFO: [ template_filter ] --END-- [ RunTime:0.000000s ]
NOTIC: [8] Use of undefined constant id - assumed 'id' G:\WWW7\Application\Runtime\Cache\Home\33b76aee16e8415290c429ba039c0c2d.php 第 26 行.
NOTIC: [8] Use of undefined constant id - assumed 'id' G:\WWW7\Application\Runtime\Cache\Home\33b76aee16e8415290c429ba039c0c2d.php 第 27 行.
NOTIC: [8] Use of undefined constant id - assumed 'id' G:\WWW7\Application\Runtime\Cache\Home\33b76aee16e8415290c429ba039c0c2d.php 第 26 行.
NOTIC: [8] Use of undefined constant id - assumed 'id' G:\WWW7\Application\Runtime\Cache\Home\33b76aee16e8415290c429ba039c0c2d.php 第 27 行.
NOTIC: [8] Use of undefined constant id - assumed 'id' G:\WWW7\Application\Runtime\Cache\Home\33b76aee16e8415290c429ba039c0c2d.php 第 26 行.
NOTIC: [8] Use of undefined constant id - assumed 'id' G:\WWW7\Application\Runtime\Cache\Home\33b76aee16e8415290c429ba039c0c2d.php 第 27 行.
NOTIC: [8] Use of undefined constant id - assumed 'id' G:\WWW7\Application\Runtime\Cache\Home\33b76aee16e8415290c429ba039c0c2d.php 第 26 行.
NOTIC: [8] Use of undefined constant id - assumed 'id' G:\WWW7\Application\Runtime\Cache\Home\33b76aee16e8415290c429ba039c0c2d.php 第 27 行.
NOTIC: [8] Use of undefined constant id - assumed 'id' G:\WWW7\Application\Runtime\Cache\Home\33b76aee16e8415290c429ba039c0c2d.php 第 26 行.
NOTIC: [8] Use of undefined constant id - assumed 'id' G:\WWW7\Application\Runtime\Cache\Home\33b76aee16e8415290c429ba039c0c2d.php 第 27 行.
NOTIC: [8] Use of undefined constant id - assumed 'id' G:\WWW7\Application\Runtime\Cache\Home\33b76aee16e8415290c429ba039c0c2d.php 第 26 行.
NOTIC: [8] Use of undefined constant id - assumed 'id' G:\WWW7\Application\Runtime\Cache\Home\33b76aee16e8415290c429ba039c0c2d.php 第 27 行.
NOTIC: [8] Use of undefined constant id - assumed 'id' G:\WWW7\Application\Runtime\Cache\Home\33b76aee16e8415290c429ba039c0c2d.php 第 26 行.
NOTIC: [8] Use of undefined constant id - assumed 'id' G:\WWW7\Application\Runtime\Cache\Home\33b76aee16e8415290c429ba039c0c2d.php 第 27 行.
NOTIC: [8] Use of undefined constant id - assumed 'id' G:\WWW7\Application\Runtime\Cache\Home\33b76aee16e8415290c429ba039c0c2d.php 第 26 行.
NOTIC: [8] Use of undefined constant id - assumed 'id' G:\WWW7\Application\Runtime\Cache\Home\33b76aee16e8415290c429ba039c0c2d.php 第 27 行.
INFO: Run Behavior\ParseTemplateBehavior [ RunTime:0.017001s ]
INFO: [ view_parse ] --END-- [ RunTime:0.017001s ]
INFO: [ view_filter ] --START--
INFO: Run Behavior\WriteHtmlCacheBehavior [ RunTime:0.001000s ]
INFO: [ view_filter ] --END-- [ RunTime:0.001000s ]
INFO: [ app_end ] --START--
INFO: Run Behavior\ShowPageTraceBehavior [ RunTime:0.001000s ]
INFO: [ app_end ] --END-- [ RunTime:0.002000s ]

[ 2016-02-19T09:32:04+08:00 ] ::1 /Public/Static/bower_components/datatables-responsive/css/dataTables.responsive.css
INFO: [ app_init ] --START--
INFO: Run Behavior\BuildLiteBehavior [ RunTime:0.000000s ]
INFO: [ app_init ] --END-- [ RunTime:0.000000s ]
INFO: [ app_begin ] --START--
INFO: Run Behavior\ReadHtmlCacheBehavior [ RunTime:0.000000s ]
INFO: [ app_begin ] --END-- [ RunTime:0.000000s ]
ERR: 无法加载控制器:Public

[ 2016-02-19T09:48:13+08:00 ] ::1 /index.php/CustomerInfo/edit/id/5.html
INFO: [ app_init ] --START--
INFO: Run Behavior\BuildLiteBehavior [ RunTime:0.000000s ]
INFO: [ app_init ] --END-- [ RunTime:0.001000s ]
INFO: [ app_begin ] --START--
INFO: Run Behavior\ReadHtmlCacheBehavior [ RunTime:0.000000s ]
INFO: [ app_begin ] --END-- [ RunTime:0.000000s ]
SQL: SHOW COLUMNS FROM `cdm_customer_info` [ RunTime:0.0150s ]
SQL: SELECT * FROM `cdm_customer_info` WHERE `id` = 5 LIMIT 1   [ RunTime:0.0020s ]
INFO: [ view_parse ] --START--
INFO: [ template_filter ] --START--
INFO: Run Behavior\ContentReplaceBehavior [ RunTime:0.000000s ]
INFO: [ template_filter ] --END-- [ RunTime:0.000000s ]
INFO: Run Behavior\ParseTemplateBehavior [ RunTime:0.009000s ]
INFO: [ view_parse ] --END-- [ RunTime:0.009000s ]
INFO: [ view_filter ] --START--
INFO: Run Behavior\WriteHtmlCacheBehavior [ RunTime:0.001000s ]
INFO: [ view_filter ] --END-- [ RunTime:0.001000s ]
INFO: [ app_end ] --START--
INFO: Run Behavior\ShowPageTraceBehavior [ RunTime:0.000000s ]
INFO: [ app_end ] --END-- [ RunTime:0.000000s ]

[ 2016-02-19T09:48:19+08:00 ] ::1 /CustomerInfo/edit/id/5.html
INFO: [ app_init ] --START--
INFO: Run Behavior\BuildLiteBehavior [ RunTime:0.000000s ]
INFO: [ app_init ] --END-- [ RunTime:0.001000s ]
INFO: [ app_begin ] --START--
INFO: Run Behavior\ReadHtmlCacheBehavior [ RunTime:0.000000s ]
INFO: [ app_begin ] --END-- [ RunTime:0.001000s ]
SQL: SHOW COLUMNS FROM `cdm_customer_info` [ RunTime:0.0100s ]
SQL: SELECT * FROM `cdm_customer_info` WHERE `id` = 5 LIMIT 1   [ RunTime:0.0020s ]
INFO: [ view_parse ] --START--
INFO: [ template_filter ] --START--
INFO: Run Behavior\ContentReplaceBehavior [ RunTime:0.000000s ]
INFO: [ template_filter ] --END-- [ RunTime:0.000000s ]
INFO: Run Behavior\ParseTemplateBehavior [ RunTime:0.008001s ]
INFO: [ view_parse ] --END-- [ RunTime:0.008001s ]
INFO: [ view_filter ] --START--
INFO: Run Behavior\WriteHtmlCacheBehavior [ RunTime:0.000000s ]
INFO: [ view_filter ] --END-- [ RunTime:0.000000s ]
INFO: [ app_end ] --START--
INFO: Run Behavior\ShowPageTraceBehavior [ RunTime:0.000000s ]
INFO: [ app_end ] --END-- [ RunTime:0.000000s ]

[ 2016-02-19T10:03:23+08:00 ] ::1 /index.php/CustomerInfo/all.html
INFO: [ app_init ] --START--
INFO: Run Behavior\BuildLiteBehavior [ RunTime:0.000000s ]
INFO: [ app_init ] --END-- [ RunTime:0.001000s ]
INFO: [ app_begin ] --START--
INFO: Run Behavior\ReadHtmlCacheBehavior [ RunTime:0.000000s ]
INFO: [ app_begin ] --END-- [ RunTime:0.000000s ]
SQL: SHOW COLUMNS FROM `cdm_customer_info` [ RunTime:0.0120s ]
NOTIC: [2] Missing argument 1 for Think\Model::where(), called in G:\WWW7\Application\Home\Controller\CustomerInfoController.class.php on line 9 and defined G:\WWW7\ThinkPHP\Library\Think\Model.class.php 第 1797 行.
NOTIC: [8] Undefined variable: where G:\WWW7\ThinkPHP\Library\Think\Model.class.php 第 1805 行.
NOTIC: [8] Undefined variable: where G:\WWW7\ThinkPHP\Library\Think\Model.class.php 第 1808 行.
NOTIC: [8] Undefined variable: where G:\WWW7\ThinkPHP\Library\Think\Model.class.php 第 1816 行.
SQL: SELECT COUNT(*) AS tp_count FROM `cdm_customer_info` LIMIT 1   [ RunTime:0.0010s ]
NOTIC: [2] Missing argument 1 for Think\Model::where(), called in G:\WWW7\Application\Home\Controller\CustomerInfoController.class.php on line 12 and defined G:\WWW7\ThinkPHP\Library\Think\Model.class.php 第 1797 行.
NOTIC: [8] Undefined variable: where G:\WWW7\ThinkPHP\Library\Think\Model.class.php 第 1805 行.
NOTIC: [8] Undefined variable: where G:\WWW7\ThinkPHP\Library\Think\Model.class.php 第 1808 行.
NOTIC: [8] Undefined variable: where G:\WWW7\ThinkPHP\Library\Think\Model.class.php 第 1816 行.
SQL: SELECT * FROM `cdm_customer_info` LIMIT 0,15   [ RunTime:0.0020s ]
INFO: [ view_parse ] --START--
INFO: [ template_filter ] --START--
INFO: Run Behavior\ContentReplaceBehavior [ RunTime:0.000000s ]
INFO: [ template_filter ] --END-- [ RunTime:0.000000s ]
NOTIC: [8] Use of undefined constant id - assumed 'id' G:\WWW7\Application\Runtime\Cache\Home\33c323f555a584fde2ecea8d8817275e.php 第 410 行.
NOTIC: [8] Use of undefined constant id - assumed 'id' G:\WWW7\Application\Runtime\Cache\Home\33c323f555a584fde2ecea8d8817275e.php 第 412 行.
NOTIC: [8] Use of undefined constant id - assumed 'id' G:\WWW7\Application\Runtime\Cache\Home\33c323f555a584fde2ecea8d8817275e.php 第 410 行.
NOTIC: [8] Use of undefined constant id - assumed 'id' G:\WWW7\Application\Runtime\Cache\Home\33c323f555a584fde2ecea8d8817275e.php 第 412 行.
NOTIC: [8] Use of undefined constant id - assumed 'id' G:\WWW7\Application\Runtime\Cache\Home\33c323f555a584fde2ecea8d8817275e.php 第 410 行.
NOTIC: [8] Use of undefined constant id - assumed 'id' G:\WWW7\Application\Runtime\Cache\Home\33c323f555a584fde2ecea8d8817275e.php 第 412 行.
INFO: Run Behavior\ParseTemplateBehavior [ RunTime:0.009001s ]
INFO: [ view_parse ] --END-- [ RunTime:0.010001s ]
INFO: [ view_filter ] --START--
INFO: Run Behavior\WriteHtmlCacheBehavior [ RunTime:0.000000s ]
INFO: [ view_filter ] --END-- [ RunTime:0.000000s ]
INFO: [ app_end ] --START--
INFO: Run Behavior\ShowPageTraceBehavior [ RunTime:0.001000s ]
INFO: [ app_end ] --END-- [ RunTime:0.001000s ]

[ 2016-02-19T10:03:23+08:00 ] ::1 /Public/Static/bower_components/datatables-responsive/css/dataTables.responsive.css
INFO: [ app_init ] --START--
INFO: Run Behavior\BuildLiteBehavior [ RunTime:0.000000s ]
INFO: [ app_init ] --END-- [ RunTime:0.001000s ]
INFO: [ app_begin ] --START--
INFO: Run Behavior\ReadHtmlCacheBehavior [ RunTime:0.001000s ]
INFO: [ app_begin ] --END-- [ RunTime:0.001000s ]
ERR: 无法加载控制器:Public

[ 2016-02-19T11:21:01+08:00 ] ::1 /
INFO: [ app_init ] --START--
INFO: Run Behavior\BuildLiteBehavior [ RunTime:0.000000s ]
INFO: [ app_init ] --END-- [ RunTime:0.000000s ]
INFO: [ app_begin ] --START--
INFO: Run Behavior\ReadHtmlCacheBehavior [ RunTime:0.015600s ]
INFO: [ app_begin ] --END-- [ RunTime:0.015600s ]
NOTIC: [2] Missing argument 1 for Think\Controller::show(), called in G:\WWW7\Application\Home\Controller\IndexController.class.php on line 6 and defined G:\WWW7\ThinkPHP\Library\Think\Controller.class.php 第 68 行.
NOTIC: [8] Undefined variable: content G:\WWW7\ThinkPHP\Library\Think\Controller.class.php 第 69 行.
INFO: [ view_parse ] --START--
INFO: [ template_filter ] --START--
INFO: Run Behavior\ContentReplaceBehavior [ RunTime:0.000000s ]
INFO: [ template_filter ] --END-- [ RunTime:0.000000s ]
INFO: Run Behavior\ParseTemplateBehavior [ RunTime:0.009001s ]
INFO: [ view_parse ] --END-- [ RunTime:0.009001s ]
INFO: [ view_filter ] --START--
INFO: Run Behavior\WriteHtmlCacheBehavior [ RunTime:0.000000s ]
INFO: [ view_filter ] --END-- [ RunTime:0.000000s ]
INFO: [ app_end ] --START--
INFO: Run Behavior\ShowPageTraceBehavior [ RunTime:0.000000s ]
INFO: [ app_end ] --END-- [ RunTime:0.001000s ]

[ 2016-02-19T11:21:03+08:00 ] ::1 /index.php/CustomerInfo/all.html
INFO: [ app_init ] --START--
INFO: Run Behavior\BuildLiteBehavior [ RunTime:0.000000s ]
INFO: [ app_init ] --END-- [ RunTime:0.001000s ]
INFO: [ app_begin ] --START--
INFO: Run Behavior\ReadHtmlCacheBehavior [ RunTime:0.001000s ]
INFO: [ app_begin ] --END-- [ RunTime:0.001000s ]
SQL: SHOW COLUMNS FROM `cdm_customer_info` [ RunTime:0.0040s ]
NOTIC: [2] Missing argument 1 for Think\Model::where(), called in G:\WWW7\Application\Home\Controller\CustomerInfoController.class.php on line 9 and defined G:\WWW7\ThinkPHP\Library\Think\Model.class.php 第 1797 行.
NOTIC: [8] Undefined variable: where G:\WWW7\ThinkPHP\Library\Think\Model.class.php 第 1805 行.
NOTIC: [8] Undefined variable: where G:\WWW7\ThinkPHP\Library\Think\Model.class.php 第 1808 行.
NOTIC: [8] Undefined variable: where G:\WWW7\ThinkPHP\Library\Think\Model.class.php 第 1816 行.
SQL: SELECT COUNT(*) AS tp_count FROM `cdm_customer_info` LIMIT 1   [ RunTime:0.0010s ]
NOTIC: [2] Missing argument 1 for Think\Model::where(), called in G:\WWW7\Application\Home\Controller\CustomerInfoController.class.php on line 12 and defined G:\WWW7\ThinkPHP\Library\Think\Model.class.php 第 1797 行.
NOTIC: [8] Undefined variable: where G:\WWW7\ThinkPHP\Library\Think\Model.class.php 第 1805 行.
NOTIC: [8] Undefined variable: where G:\WWW7\ThinkPHP\Library\Think\Model.class.php 第 1808 行.
NOTIC: [8] Undefined variable: where G:\WWW7\ThinkPHP\Library\Think\Model.class.php 第 1816 行.
SQL: SELECT * FROM `cdm_customer_info` LIMIT 0,15   [ RunTime:0.0010s ]
INFO: [ view_parse ] --START--
INFO: [ template_filter ] --START--
INFO: Run Behavior\ContentReplaceBehavior [ RunTime:0.000000s ]
INFO: [ template_filter ] --END-- [ RunTime:0.001000s ]
NOTIC: [8] Use of undefined constant id - assumed 'id' G:\WWW7\Application\Runtime\Cache\Home\33c323f555a584fde2ecea8d8817275e.php 第 410 行.
NOTIC: [8] Use of undefined constant id - assumed 'id' G:\WWW7\Application\Runtime\Cache\Home\33c323f555a584fde2ecea8d8817275e.php 第 412 行.
NOTIC: [8] Use of undefined constant id - assumed 'id' G:\WWW7\Application\Runtime\Cache\Home\33c323f555a584fde2ecea8d8817275e.php 第 410 行.
NOTIC: [8] Use of undefined constant id - assumed 'id' G:\WWW7\Application\Runtime\Cache\Home\33c323f555a584fde2ecea8d8817275e.php 第 412 行.
NOTIC: [8] Use of undefined constant id - assumed 'id' G:\WWW7\Application\Runtime\Cache\Home\33c323f555a584fde2ecea8d8817275e.php 第 410 行.
NOTIC: [8] Use of undefined constant id - assumed 'id' G:\WWW7\Application\Runtime\Cache\Home\33c323f555a584fde2ecea8d8817275e.php 第 412 行.
NOTIC: [8] Use of undefined constant id - assumed 'id' G:\WWW7\Application\Runtime\Cache\Home\33c323f555a584fde2ecea8d8817275e.php 第 410 行.
NOTIC: [8] Use of undefined constant id - assumed 'id' G:\WWW7\Application\Runtime\Cache\Home\33c323f555a584fde2ecea8d8817275e.php 第 412 行.
NOTIC: [8] Use of undefined constant id - assumed 'id' G:\WWW7\Application\Runtime\Cache\Home\33c323f555a584fde2ecea8d8817275e.php 第 410 行.
NOTIC: [8] Use of undefined constant id - assumed 'id' G:\WWW7\Application\Runtime\Cache\Home\33c323f555a584fde2ecea8d8817275e.php 第 412 行.
NOTIC: [8] Use of undefined constant id - assumed 'id' G:\WWW7\Application\Runtime\Cache\Home\33c323f555a584fde2ecea8d8817275e.php 第 410 行.
NOTIC: [8] Use of undefined constant id - assumed 'id' G:\WWW7\Application\Runtime\Cache\Home\33c323f555a584fde2ecea8d8817275e.php 第 412 行.
INFO: Run Behavior\ParseTemplateBehavior [ RunTime:0.011001s ]
INFO: [ view_parse ] --END-- [ RunTime:0.011001s ]
INFO: [ view_filter ] --START--
INFO: Run Behavior\WriteHtmlCacheBehavior [ RunTime:0.000000s ]
INFO: [ view_filter ] --END-- [ RunTime:0.001000s ]
INFO: [ app_end ] --START--
INFO: Run Behavior\ShowPageTraceBehavior [ RunTime:0.000000s ]
INFO: [ app_end ] --END-- [ RunTime:0.000000s ]

[ 2016-02-19T11:21:03+08:00 ] ::1 /Public/Static/bower_components/datatables-responsive/css/dataTables.responsive.css
INFO: [ app_init ] --START--
INFO: Run Behavior\BuildLiteBehavior [ RunTime:0.000000s ]
INFO: [ app_init ] --END-- [ RunTime:0.000000s ]
INFO: [ app_begin ] --START--
INFO: Run Behavior\ReadHtmlCacheBehavior [ RunTime:0.000000s ]
INFO: [ app_begin ] --END-- [ RunTime:0.000000s ]
ERR: 无法加载控制器:Public

[ 2016-02-19T11:21:09+08:00 ] ::1 /index.php/CustomerInfo/add.html
INFO: [ app_init ] --START--
INFO: Run Behavior\BuildLiteBehavior [ RunTime:0.000000s ]
INFO: [ app_init ] --END-- [ RunTime:0.000000s ]
INFO: [ app_begin ] --START--
INFO: Run Behavior\ReadHtmlCacheBehavior [ RunTime:0.000000s ]
INFO: [ app_begin ] --END-- [ RunTime:0.000000s ]
INFO: [ view_parse ] --START--
INFO: [ template_filter ] --START--
INFO: Run Behavior\ContentReplaceBehavior [ RunTime:0.001000s ]
INFO: [ template_filter ] --END-- [ RunTime:0.001000s ]
INFO: Run Behavior\ParseTemplateBehavior [ RunTime:0.009001s ]
INFO: [ view_parse ] --END-- [ RunTime:0.009001s ]
INFO: [ view_filter ] --START--
INFO: Run Behavior\WriteHtmlCacheBehavior [ RunTime:0.000000s ]
INFO: [ view_filter ] --END-- [ RunTime:0.000000s ]
INFO: [ app_end ] --START--
INFO: Run Behavior\ShowPageTraceBehavior [ RunTime:0.001000s ]
INFO: [ app_end ] --END-- [ RunTime:0.001000s ]

