[ 2016-02-29T09:03:35+08:00 ] ::1 /Public/Static/bower_components/datatables-responsive/css/dataTables.responsive.css
ERR: 非法操作:Static

[ 2016-02-29T09:03:47+08:00 ] ::1 /Public/Static/bower_components/datatables-responsive/css/dataTables.responsive.css
ERR: 非法操作:Static

[ 2016-02-29T09:03:51+08:00 ] ::1 /Public/Static/bower_components/datatables-responsive/css/dataTables.responsive.css
ERR: 非法操作:Static

[ 2016-02-29T09:03:53+08:00 ] ::1 /Public/Static/bower_components/datatables-responsive/css/dataTables.responsive.css
ERR: 非法操作:Static

[ 2016-02-29T09:03:55+08:00 ] ::1 /Public/Static/bower_components/datatables-responsive/css/dataTables.responsive.css
ERR: 非法操作:Static

[ 2016-02-29T09:04:13+08:00 ] ::1 /Public/Static/bower_components/datatables-responsive/css/dataTables.responsive.css
ERR: 非法操作:Static

[ 2016-02-29T09:04:26+08:00 ] ::1 /Public/Static/bower_components/datatables-responsive/css/dataTables.responsive.css
ERR: 非法操作:Static

[ 2016-02-29T09:04:28+08:00 ] ::1 /Public/Static/bower_components/datatables-responsive/css/dataTables.responsive.css
ERR: 非法操作:Static

[ 2016-02-29T09:07:02+08:00 ] ::1 /Public/Static/bower_components/datatables-responsive/css/dataTables.responsive.css
ERR: 非法操作:Static

[ 2016-02-29T09:11:23+08:00 ] ::1 /Public/Static/bower_components/datatables-responsive/css/dataTables.responsive.css
ERR: 非法操作:Static

[ 2016-02-29T09:28:19+08:00 ] ::1 /Public/Static/bower_components/datatables-responsive/css/dataTables.responsive.css
ERR: 非法操作:Static

[ 2016-02-29T09:29:00+08:00 ] ::1 /Public/Static/bower_components/datatables-responsive/css/dataTables.responsive.css
ERR: 非法操作:Static

[ 2016-02-29T09:38:58+08:00 ] ::1 /Public/Static/bower_components/datatables-responsive/css/dataTables.responsive.css
ERR: 非法操作:Static

[ 2016-02-29T09:39:05+08:00 ] ::1 /Public/Static/bower_components/datatables-responsive/css/dataTables.responsive.css
ERR: 非法操作:Static

[ 2016-02-29T10:08:33+08:00 ] ::1 /Public/Static/bower_components/datatables-responsive/css/dataTables.responsive.css
ERR: 非法操作:Static

[ 2016-02-29T10:08:36+08:00 ] ::1 /Public/Static/bower_components/datatables-responsive/css/dataTables.responsive.css
ERR: 非法操作:Static

[ 2016-02-29T10:08:45+08:00 ] ::1 /Public/Static/bower_components/datatables-responsive/css/dataTables.responsive.css
ERR: 非法操作:Static

[ 2016-02-29T10:08:48+08:00 ] ::1 /Public/Static/bower_components/datatables-responsive/css/dataTables.responsive.css
ERR: 非法操作:Static

[ 2016-02-29T10:08:59+08:00 ] ::1 /Public/Static/bower_components/datatables-responsive/css/dataTables.responsive.css
ERR: 非法操作:Static

[ 2016-02-29T10:09:09+08:00 ] ::1 /Public/Static/bower_components/datatables-responsive/css/dataTables.responsive.css
ERR: 非法操作:Static

[ 2016-02-29T12:42:36+08:00 ] ::1 /Public/Static/bower_components/datatables-responsive/css/dataTables.responsive.css
ERR: 非法操作:Static

[ 2016-02-29T12:43:42+08:00 ] ::1 /Public/Static/bower_components/datatables-responsive/css/dataTables.responsive.css
ERR: 非法操作:Static

[ 2016-02-29T12:43:44+08:00 ] ::1 /Public/Static/bower_components/datatables-responsive/css/dataTables.responsive.css
ERR: 非法操作:Static

[ 2016-02-29T12:43:47+08:00 ] ::1 /Public/Static/bower_components/datatables-responsive/css/dataTables.responsive.css
ERR: 非法操作:Static

[ 2016-02-29T12:43:49+08:00 ] ::1 /Public/Static/bower_components/datatables-responsive/css/dataTables.responsive.css
ERR: 非法操作:Static

[ 2016-02-29T12:44:06+08:00 ] ::1 /Public/Static/bower_components/datatables-responsive/css/dataTables.responsive.css
ERR: 非法操作:Static

[ 2016-02-29T12:44:08+08:00 ] ::1 /Public/Static/bower_components/datatables-responsive/css/dataTables.responsive.css
ERR: 非法操作:Static

[ 2016-02-29T12:44:11+08:00 ] ::1 /Public/Static/bower_components/datatables-responsive/css/dataTables.responsive.css
ERR: 非法操作:Static

[ 2016-02-29T12:44:26+08:00 ] ::1 /Public/Static/bower_components/datatables-responsive/css/dataTables.responsive.css
ERR: 非法操作:Static

[ 2016-02-29T12:47:32+08:00 ] ::1 /Public/Static/bower_components/datatables-responsive/css/dataTables.responsive.css
ERR: 非法操作:Static

[ 2016-02-29T12:48:55+08:00 ] ::1 /Public/Static/bower_components/datatables-responsive/css/dataTables.responsive.css
ERR: 非法操作:Static

[ 2016-02-29T12:49:05+08:00 ] ::1 /Public/Static/bower_components/datatables-responsive/css/dataTables.responsive.css
ERR: 非法操作:Static

[ 2016-02-29T12:50:16+08:00 ] ::1 /Public/Static/bower_components/datatables-responsive/css/dataTables.responsive.css
ERR: 非法操作:Static

[ 2016-02-29T12:50:55+08:00 ] ::1 /Public/Static/bower_components/datatables-responsive/css/dataTables.responsive.css
ERR: 非法操作:Static

[ 2016-02-29T12:51:57+08:00 ] ::1 /Public/Static/bower_components/datatables-responsive/css/dataTables.responsive.css
ERR: 非法操作:Static

[ 2016-02-29T12:52:04+08:00 ] ::1 /Public/Static/bower_components/datatables-responsive/css/dataTables.responsive.css
ERR: 非法操作:Static

[ 2016-02-29T13:41:17+08:00 ] ::1 /Public/Static/bower_components/datatables-responsive/css/dataTables.responsive.css
ERR: 非法操作:Static

[ 2016-02-29T13:42:07+08:00 ] ::1 /Public/Static/bower_components/datatables-responsive/css/dataTables.responsive.css
ERR: 非法操作:Static

[ 2016-02-29T14:10:30+08:00 ] ::1 /Public/Static/bower_components/datatables-responsive/css/dataTables.responsive.css
ERR: 非法操作:Static

[ 2016-02-29T14:10:40+08:00 ] ::1 /Public/Static/bower_components/datatables-responsive/css/dataTables.responsive.css
ERR: 非法操作:Static

[ 2016-02-29T14:22:55+08:00 ] ::1 /index.php/CustomerInfo/add.html
INFO: [ app_begin ] --START--
INFO: Run Behavior\ReadHtmlCacheBehavior [ RunTime:0.000000s ]
INFO: [ app_begin ] --END-- [ RunTime:0.001000s ]
SQL: SHOW COLUMNS FROM `cdm_manager` [ RunTime:0.0090s ]
SQL: SELECT * FROM `cdm_manager` WHERE `mg_id` = 1  [ RunTime:0.0010s ]
SQL: SHOW COLUMNS FROM `cdm_role` [ RunTime:0.0080s ]
SQL: SELECT * FROM `cdm_role` WHERE `role_id` = 2  [ RunTime:0.0000s ]
SQL: SHOW COLUMNS FROM `cdm_auth` [ RunTime:0.0080s ]
SQL: SELECT * FROM `cdm_auth` WHERE `auth_level` = 0 ORDER BY auth_order asc  [ RunTime:0.0010s ]
SQL: SELECT * FROM `cdm_auth` WHERE `auth_level` = 1  [ RunTime:0.0000s ]
SQL: SELECT `role_auth_ac` FROM `cdm_manager` INNER JOIN  cdm_role ON cdm_manager.mg_role_id = cdm_role.role_id  WHERE `mg_id` = '1' LIMIT 1   [ RunTime:0.0000s ]
NOTIC: [2] Missing argument 1 for I(), called in G:\WWW7\Application\Home\Controller\CustomerInfoController.class.php on line 15 and defined G:\WWW7\ThinkPHP\Common\functions.php 第 271 行.
NOTIC: [8] Undefined variable: name G:\WWW7\ThinkPHP\Common\functions.php 第 273 行.
NOTIC: [8] Undefined variable: name G:\WWW7\ThinkPHP\Common\functions.php 第 278 行.
NOTIC: [8] Undefined variable: name G:\WWW7\ThinkPHP\Common\functions.php 第 339 行.
SQL: SHOW COLUMNS FROM `cdm_customer_info` [ RunTime:0.0030s ]
NOTIC: [8] Undefined index: validate G:\WWW7\ThinkPHP\Library\Think\Model.class.php 第 1185 行.
SQL: SELECT * FROM `cdm_customer_info` WHERE `idno` = '' LIMIT 1   [ RunTime:0.0000s ]

[ 2016-02-29T14:22:58+08:00 ] ::1 /index.php/CustomerInfo/add.html
INFO: [ app_begin ] --START--
INFO: Run Behavior\ReadHtmlCacheBehavior [ RunTime:0.002000s ]
INFO: [ app_begin ] --END-- [ RunTime:0.003000s ]
SQL: SHOW COLUMNS FROM `cdm_manager` [ RunTime:0.0100s ]
SQL: SELECT * FROM `cdm_manager` WHERE `mg_id` = 1  [ RunTime:0.0010s ]
SQL: SHOW COLUMNS FROM `cdm_role` [ RunTime:0.0100s ]
SQL: SELECT * FROM `cdm_role` WHERE `role_id` = 2  [ RunTime:0.0000s ]
SQL: SHOW COLUMNS FROM `cdm_auth` [ RunTime:0.0090s ]
SQL: SELECT * FROM `cdm_auth` WHERE `auth_level` = 0 ORDER BY auth_order asc  [ RunTime:0.0010s ]
SQL: SELECT * FROM `cdm_auth` WHERE `auth_level` = 1  [ RunTime:0.0000s ]
SQL: SELECT `role_auth_ac` FROM `cdm_manager` INNER JOIN  cdm_role ON cdm_manager.mg_role_id = cdm_role.role_id  WHERE `mg_id` = '1' LIMIT 1   [ RunTime:0.0000s ]
NOTIC: [2] Missing argument 1 for I(), called in G:\WWW7\Application\Home\Controller\CustomerInfoController.class.php on line 15 and defined G:\WWW7\ThinkPHP\Common\functions.php 第 271 行.
NOTIC: [8] Undefined variable: name G:\WWW7\ThinkPHP\Common\functions.php 第 273 行.
NOTIC: [8] Undefined variable: name G:\WWW7\ThinkPHP\Common\functions.php 第 278 行.
NOTIC: [8] Undefined variable: name G:\WWW7\ThinkPHP\Common\functions.php 第 339 行.
SQL: SHOW COLUMNS FROM `cdm_customer_info` [ RunTime:0.0060s ]
NOTIC: [8] Undefined index: validate G:\WWW7\ThinkPHP\Library\Think\Model.class.php 第 1185 行.
SQL: SELECT * FROM `cdm_customer_info` WHERE `idno` = '' LIMIT 1   [ RunTime:0.0000s ]

[ 2016-02-29T14:35:51+08:00 ] ::1 /index.php/CustomerInfo/add.html
INFO: [ app_begin ] --START--
INFO: Run Behavior\ReadHtmlCacheBehavior [ RunTime:0.001000s ]
INFO: [ app_begin ] --END-- [ RunTime:0.002000s ]
SQL: SHOW COLUMNS FROM `cdm_manager` [ RunTime:0.0050s ]
SQL: SELECT * FROM `cdm_manager` WHERE `mg_id` = 1  [ RunTime:0.0000s ]
SQL: SHOW COLUMNS FROM `cdm_role` [ RunTime:0.0050s ]
SQL: SELECT * FROM `cdm_role` WHERE `role_id` = 2  [ RunTime:0.0010s ]
SQL: SHOW COLUMNS FROM `cdm_auth` [ RunTime:0.0040s ]
SQL: SELECT * FROM `cdm_auth` WHERE `auth_level` = 0 ORDER BY auth_order asc  [ RunTime:0.0000s ]
SQL: SELECT * FROM `cdm_auth` WHERE `auth_level` = 1  [ RunTime:0.0000s ]
SQL: SELECT `role_auth_ac` FROM `cdm_manager` INNER JOIN  cdm_role ON cdm_manager.mg_role_id = cdm_role.role_id  WHERE `mg_id` = '1' LIMIT 1   [ RunTime:0.0010s ]
NOTIC: [2] Missing argument 1 for I(), called in G:\WWW7\Application\Home\Controller\CustomerInfoController.class.php on line 24 and defined G:\WWW7\ThinkPHP\Common\functions.php 第 271 行.
NOTIC: [8] Undefined variable: name G:\WWW7\ThinkPHP\Common\functions.php 第 273 行.
NOTIC: [8] Undefined variable: name G:\WWW7\ThinkPHP\Common\functions.php 第 278 行.
NOTIC: [8] Undefined variable: name G:\WWW7\ThinkPHP\Common\functions.php 第 339 行.
SQL: SHOW COLUMNS FROM `cdm_customer_info` [ RunTime:0.0060s ]
NOTIC: [8] Undefined index: validate G:\WWW7\ThinkPHP\Library\Think\Model.class.php 第 1185 行.
SQL: SELECT * FROM `cdm_customer_info` WHERE `idno` = '' LIMIT 1   [ RunTime:0.0000s ]

[ 2016-02-29T14:36:56+08:00 ] ::1 /Public/Static/bower_components/datatables-responsive/css/dataTables.responsive.css
ERR: 非法操作:Static

[ 2016-02-29T14:37:11+08:00 ] ::1 /index.php/CustomerInfo/add.html
INFO: [ app_begin ] --START--
INFO: Run Behavior\ReadHtmlCacheBehavior [ RunTime:0.000000s ]
INFO: [ app_begin ] --END-- [ RunTime:0.001000s ]
SQL: SHOW COLUMNS FROM `cdm_manager` [ RunTime:0.0100s ]
SQL: SELECT * FROM `cdm_manager` WHERE `mg_id` = 1  [ RunTime:0.0000s ]
SQL: SHOW COLUMNS FROM `cdm_role` [ RunTime:0.0100s ]
SQL: SELECT * FROM `cdm_role` WHERE `role_id` = 2  [ RunTime:0.0000s ]
SQL: SHOW COLUMNS FROM `cdm_auth` [ RunTime:0.0090s ]
SQL: SELECT * FROM `cdm_auth` WHERE `auth_level` = 0 ORDER BY auth_order asc  [ RunTime:0.0010s ]
SQL: SELECT * FROM `cdm_auth` WHERE `auth_level` = 1  [ RunTime:0.0010s ]
SQL: SELECT `role_auth_ac` FROM `cdm_manager` INNER JOIN  cdm_role ON cdm_manager.mg_role_id = cdm_role.role_id  WHERE `mg_id` = '1' LIMIT 1   [ RunTime:0.0010s ]
NOTIC: [2] Missing argument 1 for I(), called in G:\WWW7\Application\Home\Controller\CustomerInfoController.class.php on line 24 and defined G:\WWW7\ThinkPHP\Common\functions.php 第 271 行.
NOTIC: [8] Undefined variable: name G:\WWW7\ThinkPHP\Common\functions.php 第 273 行.
NOTIC: [8] Undefined variable: name G:\WWW7\ThinkPHP\Common\functions.php 第 278 行.
NOTIC: [8] Undefined variable: name G:\WWW7\ThinkPHP\Common\functions.php 第 339 行.
SQL: SHOW COLUMNS FROM `cdm_customer_info` [ RunTime:0.0060s ]
NOTIC: [8] Undefined index: validate G:\WWW7\ThinkPHP\Library\Think\Model.class.php 第 1185 行.
SQL: SELECT * FROM `cdm_customer_info` WHERE `idno` = '' LIMIT 1   [ RunTime:0.0000s ]

[ 2016-02-29T14:37:21+08:00 ] ::1 /index.php/CustomerInfo/add.html
INFO: [ app_begin ] --START--
INFO: Run Behavior\ReadHtmlCacheBehavior [ RunTime:0.000000s ]
INFO: [ app_begin ] --END-- [ RunTime:0.001000s ]
SQL: SHOW COLUMNS FROM `cdm_manager` [ RunTime:0.0100s ]
SQL: SELECT * FROM `cdm_manager` WHERE `mg_id` = 1  [ RunTime:0.0010s ]
SQL: SHOW COLUMNS FROM `cdm_role` [ RunTime:0.0090s ]
SQL: SELECT * FROM `cdm_role` WHERE `role_id` = 2  [ RunTime:0.0010s ]
SQL: SHOW COLUMNS FROM `cdm_auth` [ RunTime:0.0060s ]
SQL: SELECT * FROM `cdm_auth` WHERE `auth_level` = 0 ORDER BY auth_order asc  [ RunTime:0.0000s ]
SQL: SELECT * FROM `cdm_auth` WHERE `auth_level` = 1  [ RunTime:0.0010s ]
SQL: SELECT `role_auth_ac` FROM `cdm_manager` INNER JOIN  cdm_role ON cdm_manager.mg_role_id = cdm_role.role_id  WHERE `mg_id` = '1' LIMIT 1   [ RunTime:0.0000s ]
NOTIC: [2] Missing argument 1 for I(), called in G:\WWW7\Application\Home\Controller\CustomerInfoController.class.php on line 24 and defined G:\WWW7\ThinkPHP\Common\functions.php 第 271 行.
NOTIC: [8] Undefined variable: name G:\WWW7\ThinkPHP\Common\functions.php 第 273 行.
NOTIC: [8] Undefined variable: name G:\WWW7\ThinkPHP\Common\functions.php 第 278 行.
NOTIC: [8] Undefined variable: name G:\WWW7\ThinkPHP\Common\functions.php 第 339 行.
SQL: SHOW COLUMNS FROM `cdm_customer_info` [ RunTime:0.0040s ]
NOTIC: [8] Undefined index: validate G:\WWW7\ThinkPHP\Library\Think\Model.class.php 第 1185 行.
SQL: SELECT * FROM `cdm_customer_info` WHERE `idno` = '' LIMIT 1   [ RunTime:0.0000s ]

[ 2016-02-29T14:38:24+08:00 ] ::1 /index.php/CustomerInfo/add.html
INFO: [ app_begin ] --START--
INFO: Run Behavior\ReadHtmlCacheBehavior [ RunTime:0.001000s ]
INFO: [ app_begin ] --END-- [ RunTime:0.001000s ]
SQL: SHOW COLUMNS FROM `cdm_manager` [ RunTime:0.0050s ]
SQL: SELECT * FROM `cdm_manager` WHERE `mg_id` = 1  [ RunTime:0.0010s ]
SQL: SHOW COLUMNS FROM `cdm_role` [ RunTime:0.0050s ]
SQL: SELECT * FROM `cdm_role` WHERE `role_id` = 2  [ RunTime:0.0000s ]
SQL: SHOW COLUMNS FROM `cdm_auth` [ RunTime:0.0030s ]
SQL: SELECT * FROM `cdm_auth` WHERE `auth_level` = 0 ORDER BY auth_order asc  [ RunTime:0.0010s ]
SQL: SELECT * FROM `cdm_auth` WHERE `auth_level` = 1  [ RunTime:0.0000s ]
SQL: SELECT `role_auth_ac` FROM `cdm_manager` INNER JOIN  cdm_role ON cdm_manager.mg_role_id = cdm_role.role_id  WHERE `mg_id` = '1' LIMIT 1   [ RunTime:0.0010s ]
NOTIC: [2] Missing argument 1 for I(), called in G:\WWW7\Application\Home\Controller\CustomerInfoController.class.php on line 25 and defined G:\WWW7\ThinkPHP\Common\functions.php 第 271 行.
NOTIC: [8] Undefined variable: name G:\WWW7\ThinkPHP\Common\functions.php 第 273 行.
NOTIC: [8] Undefined variable: name G:\WWW7\ThinkPHP\Common\functions.php 第 278 行.
NOTIC: [8] Undefined variable: name G:\WWW7\ThinkPHP\Common\functions.php 第 339 行.
SQL: SHOW COLUMNS FROM `cdm_customer_info` [ RunTime:0.0040s ]
NOTIC: [8] Undefined index: validate G:\WWW7\ThinkPHP\Library\Think\Model.class.php 第 1185 行.
SQL: SELECT * FROM `cdm_customer_info` WHERE `idno` = '' LIMIT 1   [ RunTime:0.0010s ]

[ 2016-02-29T14:40:11+08:00 ] ::1 /index.php/CustomerInfo/add.html
INFO: [ app_begin ] --START--
INFO: Run Behavior\ReadHtmlCacheBehavior [ RunTime:0.001000s ]
INFO: [ app_begin ] --END-- [ RunTime:0.001000s ]
SQL: SHOW COLUMNS FROM `cdm_manager` [ RunTime:0.0030s ]
SQL: SELECT * FROM `cdm_manager` WHERE `mg_id` = 1  [ RunTime:0.0000s ]
SQL: SHOW COLUMNS FROM `cdm_role` [ RunTime:0.0020s ]
SQL: SELECT * FROM `cdm_role` WHERE `role_id` = 2  [ RunTime:0.0000s ]
SQL: SHOW COLUMNS FROM `cdm_auth` [ RunTime:0.0020s ]
SQL: SELECT * FROM `cdm_auth` WHERE `auth_level` = 0 ORDER BY auth_order asc  [ RunTime:0.0010s ]
SQL: SELECT * FROM `cdm_auth` WHERE `auth_level` = 1  [ RunTime:0.0000s ]
SQL: SELECT `role_auth_ac` FROM `cdm_manager` INNER JOIN  cdm_role ON cdm_manager.mg_role_id = cdm_role.role_id  WHERE `mg_id` = '1' LIMIT 1   [ RunTime:0.0000s ]
NOTIC: [2] Missing argument 1 for I(), called in G:\WWW7\Application\Home\Controller\CustomerInfoController.class.php on line 24 and defined G:\WWW7\ThinkPHP\Common\functions.php 第 271 行.
NOTIC: [8] Undefined variable: name G:\WWW7\ThinkPHP\Common\functions.php 第 273 行.
NOTIC: [8] Undefined variable: name G:\WWW7\ThinkPHP\Common\functions.php 第 278 行.
NOTIC: [8] Undefined variable: name G:\WWW7\ThinkPHP\Common\functions.php 第 339 行.
SQL: SHOW COLUMNS FROM `cdm_customer_info` [ RunTime:0.0030s ]
NOTIC: [8] Undefined index: validate G:\WWW7\ThinkPHP\Library\Think\Model.class.php 第 1185 行.
SQL: SELECT * FROM `cdm_customer_info` WHERE `idno` = '' LIMIT 1   [ RunTime:0.0000s ]

[ 2016-02-29T14:40:30+08:00 ] ::1 /index.php/CustomerInfo/add.html
INFO: [ app_begin ] --START--
INFO: Run Behavior\ReadHtmlCacheBehavior [ RunTime:0.001000s ]
INFO: [ app_begin ] --END-- [ RunTime:0.001000s ]
SQL: SHOW COLUMNS FROM `cdm_manager` [ RunTime:0.0050s ]
SQL: SELECT * FROM `cdm_manager` WHERE `mg_id` = 1  [ RunTime:0.0010s ]
SQL: SHOW COLUMNS FROM `cdm_role` [ RunTime:0.0030s ]
SQL: SELECT * FROM `cdm_role` WHERE `role_id` = 2  [ RunTime:0.0000s ]
SQL: SHOW COLUMNS FROM `cdm_auth` [ RunTime:0.0030s ]
SQL: SELECT * FROM `cdm_auth` WHERE `auth_level` = 0 ORDER BY auth_order asc  [ RunTime:0.0020s ]
SQL: SELECT * FROM `cdm_auth` WHERE `auth_level` = 1  [ RunTime:0.0010s ]
SQL: SELECT `role_auth_ac` FROM `cdm_manager` INNER JOIN  cdm_role ON cdm_manager.mg_role_id = cdm_role.role_id  WHERE `mg_id` = '1' LIMIT 1   [ RunTime:0.0000s ]
NOTIC: [2] Missing argument 1 for I(), called in G:\WWW7\Application\Home\Controller\CustomerInfoController.class.php on line 24 and defined G:\WWW7\ThinkPHP\Common\functions.php 第 271 行.
NOTIC: [8] Undefined variable: name G:\WWW7\ThinkPHP\Common\functions.php 第 273 行.
NOTIC: [8] Undefined variable: name G:\WWW7\ThinkPHP\Common\functions.php 第 278 行.
NOTIC: [8] Undefined variable: name G:\WWW7\ThinkPHP\Common\functions.php 第 339 行.
SQL: SHOW COLUMNS FROM `cdm_customer_info` [ RunTime:0.0050s ]
NOTIC: [8] Undefined index: validate G:\WWW7\ThinkPHP\Library\Think\Model.class.php 第 1185 行.
SQL: SELECT * FROM `cdm_customer_info` WHERE `idno` = '' LIMIT 1   [ RunTime:0.0000s ]

[ 2016-02-29T14:40:57+08:00 ] ::1 /index.php/CustomerInfo/add.html
INFO: [ app_begin ] --START--
INFO: Run Behavior\ReadHtmlCacheBehavior [ RunTime:0.000000s ]
INFO: [ app_begin ] --END-- [ RunTime:0.001000s ]
SQL: SHOW COLUMNS FROM `cdm_manager` [ RunTime:0.0030s ]
SQL: SELECT * FROM `cdm_manager` WHERE `mg_id` = 1  [ RunTime:0.0000s ]
SQL: SHOW COLUMNS FROM `cdm_role` [ RunTime:0.0030s ]
SQL: SELECT * FROM `cdm_role` WHERE `role_id` = 2  [ RunTime:0.0000s ]
SQL: SHOW COLUMNS FROM `cdm_auth` [ RunTime:0.0030s ]
SQL: SELECT * FROM `cdm_auth` WHERE `auth_level` = 0 ORDER BY auth_order asc  [ RunTime:0.0000s ]
SQL: SELECT * FROM `cdm_auth` WHERE `auth_level` = 1  [ RunTime:0.0000s ]
SQL: SELECT `role_auth_ac` FROM `cdm_manager` INNER JOIN  cdm_role ON cdm_manager.mg_role_id = cdm_role.role_id  WHERE `mg_id` = '1' LIMIT 1   [ RunTime:0.0000s ]
NOTIC: [2] Missing argument 1 for I(), called in G:\WWW7\Application\Home\Controller\CustomerInfoController.class.php on line 24 and defined G:\WWW7\ThinkPHP\Common\functions.php 第 271 行.
NOTIC: [8] Undefined variable: name G:\WWW7\ThinkPHP\Common\functions.php 第 273 行.
NOTIC: [8] Undefined variable: name G:\WWW7\ThinkPHP\Common\functions.php 第 278 行.
NOTIC: [8] Undefined variable: name G:\WWW7\ThinkPHP\Common\functions.php 第 339 行.
SQL: SHOW COLUMNS FROM `cdm_customer_info` [ RunTime:0.0020s ]
NOTIC: [8] Undefined index: validate G:\WWW7\ThinkPHP\Library\Think\Model.class.php 第 1185 行.
SQL: SELECT * FROM `cdm_customer_info` WHERE `idno` = '' LIMIT 1   [ RunTime:0.0000s ]

[ 2016-02-29T14:42:45+08:00 ] ::1 /index.php/CustomerInfo/add.html
INFO: [ app_begin ] --START--
INFO: Run Behavior\ReadHtmlCacheBehavior [ RunTime:0.000000s ]
INFO: [ app_begin ] --END-- [ RunTime:0.001000s ]
SQL: SHOW COLUMNS FROM `cdm_manager` [ RunTime:0.0050s ]
SQL: SELECT * FROM `cdm_manager` WHERE `mg_id` = 1  [ RunTime:0.0000s ]
SQL: SHOW COLUMNS FROM `cdm_role` [ RunTime:0.0050s ]
SQL: SELECT * FROM `cdm_role` WHERE `role_id` = 2  [ RunTime:0.0000s ]
SQL: SHOW COLUMNS FROM `cdm_auth` [ RunTime:0.0050s ]
SQL: SELECT * FROM `cdm_auth` WHERE `auth_level` = 0 ORDER BY auth_order asc  [ RunTime:0.0000s ]
SQL: SELECT * FROM `cdm_auth` WHERE `auth_level` = 1  [ RunTime:0.0000s ]
SQL: SELECT `role_auth_ac` FROM `cdm_manager` INNER JOIN  cdm_role ON cdm_manager.mg_role_id = cdm_role.role_id  WHERE `mg_id` = '1' LIMIT 1   [ RunTime:0.0010s ]
NOTIC: [2] Missing argument 1 for I(), called in G:\WWW7\Application\Home\Controller\CustomerInfoController.class.php on line 24 and defined G:\WWW7\ThinkPHP\Common\functions.php 第 271 行.
NOTIC: [8] Undefined variable: name G:\WWW7\ThinkPHP\Common\functions.php 第 273 行.
NOTIC: [8] Undefined variable: name G:\WWW7\ThinkPHP\Common\functions.php 第 278 行.
NOTIC: [8] Undefined variable: name G:\WWW7\ThinkPHP\Common\functions.php 第 339 行.
SQL: SHOW COLUMNS FROM `cdm_customer_info` [ RunTime:0.0060s ]
NOTIC: [8] Undefined index: validate G:\WWW7\ThinkPHP\Library\Think\Model.class.php 第 1185 行.
SQL: SELECT * FROM `cdm_customer_info` WHERE `idno` = '' LIMIT 1   [ RunTime:0.0010s ]

[ 2016-02-29T14:43:28+08:00 ] ::1 /index.php/CustomerInfo/add.html
INFO: [ app_begin ] --START--
INFO: Run Behavior\ReadHtmlCacheBehavior [ RunTime:0.001000s ]
INFO: [ app_begin ] --END-- [ RunTime:0.001000s ]
SQL: SHOW COLUMNS FROM `cdm_manager` [ RunTime:0.0030s ]
SQL: SELECT * FROM `cdm_manager` WHERE `mg_id` = 1  [ RunTime:0.0000s ]
SQL: SHOW COLUMNS FROM `cdm_role` [ RunTime:0.0030s ]
SQL: SELECT * FROM `cdm_role` WHERE `role_id` = 2  [ RunTime:0.0000s ]
SQL: SHOW COLUMNS FROM `cdm_auth` [ RunTime:0.0030s ]
SQL: SELECT * FROM `cdm_auth` WHERE `auth_level` = 0 ORDER BY auth_order asc  [ RunTime:0.0010s ]
SQL: SELECT * FROM `cdm_auth` WHERE `auth_level` = 1  [ RunTime:0.0000s ]
SQL: SELECT `role_auth_ac` FROM `cdm_manager` INNER JOIN  cdm_role ON cdm_manager.mg_role_id = cdm_role.role_id  WHERE `mg_id` = '1' LIMIT 1   [ RunTime:0.0000s ]
NOTIC: [2] Missing argument 1 for I(), called in G:\WWW7\Application\Home\Controller\CustomerInfoController.class.php on line 25 and defined G:\WWW7\ThinkPHP\Common\functions.php 第 271 行.
NOTIC: [8] Undefined variable: name G:\WWW7\ThinkPHP\Common\functions.php 第 273 行.
NOTIC: [8] Undefined variable: name G:\WWW7\ThinkPHP\Common\functions.php 第 278 行.
NOTIC: [8] Undefined variable: name G:\WWW7\ThinkPHP\Common\functions.php 第 339 行.
SQL: SHOW COLUMNS FROM `cdm_customer_info` [ RunTime:0.0040s ]
NOTIC: [8] Undefined index: validate G:\WWW7\ThinkPHP\Library\Think\Model.class.php 第 1185 行.
SQL: SELECT * FROM `cdm_customer_info` WHERE `idno` = '' LIMIT 1   [ RunTime:0.0000s ]

[ 2016-02-29T14:43:56+08:00 ] ::1 /index.php/CustomerInfo/add.html
INFO: [ app_begin ] --START--
INFO: Run Behavior\ReadHtmlCacheBehavior [ RunTime:0.001000s ]
INFO: [ app_begin ] --END-- [ RunTime:0.001000s ]
SQL: SHOW COLUMNS FROM `cdm_manager` [ RunTime:0.0040s ]
SQL: SELECT * FROM `cdm_manager` WHERE `mg_id` = 1  [ RunTime:0.0010s ]
SQL: SHOW COLUMNS FROM `cdm_role` [ RunTime:0.0030s ]
SQL: SELECT * FROM `cdm_role` WHERE `role_id` = 2  [ RunTime:0.0010s ]
SQL: SHOW COLUMNS FROM `cdm_auth` [ RunTime:0.0030s ]
SQL: SELECT * FROM `cdm_auth` WHERE `auth_level` = 0 ORDER BY auth_order asc  [ RunTime:0.0000s ]
SQL: SELECT * FROM `cdm_auth` WHERE `auth_level` = 1  [ RunTime:0.0010s ]
SQL: SELECT `role_auth_ac` FROM `cdm_manager` INNER JOIN  cdm_role ON cdm_manager.mg_role_id = cdm_role.role_id  WHERE `mg_id` = '1' LIMIT 1   [ RunTime:0.0000s ]
NOTIC: [2] Missing argument 1 for I(), called in G:\WWW7\Application\Home\Controller\CustomerInfoController.class.php on line 25 and defined G:\WWW7\ThinkPHP\Common\functions.php 第 271 行.
NOTIC: [8] Undefined variable: name G:\WWW7\ThinkPHP\Common\functions.php 第 273 行.
NOTIC: [8] Undefined variable: name G:\WWW7\ThinkPHP\Common\functions.php 第 278 行.
NOTIC: [8] Undefined variable: name G:\WWW7\ThinkPHP\Common\functions.php 第 339 行.
SQL: SHOW COLUMNS FROM `cdm_customer_info` [ RunTime:0.0030s ]
NOTIC: [8] Undefined index: validate G:\WWW7\ThinkPHP\Library\Think\Model.class.php 第 1185 行.
SQL: SELECT * FROM `cdm_customer_info` WHERE `idno` = '' LIMIT 1   [ RunTime:0.0000s ]

[ 2016-02-29T14:44:15+08:00 ] ::1 /index.php/CustomerInfo/add.html
INFO: [ app_begin ] --START--
INFO: Run Behavior\ReadHtmlCacheBehavior [ RunTime:0.001000s ]
INFO: [ app_begin ] --END-- [ RunTime:0.001000s ]
SQL: SHOW COLUMNS FROM `cdm_manager` [ RunTime:0.0030s ]
SQL: SELECT * FROM `cdm_manager` WHERE `mg_id` = 1  [ RunTime:0.0010s ]
SQL: SHOW COLUMNS FROM `cdm_role` [ RunTime:0.0020s ]
SQL: SELECT * FROM `cdm_role` WHERE `role_id` = 2  [ RunTime:0.0010s ]
SQL: SHOW COLUMNS FROM `cdm_auth` [ RunTime:0.0020s ]
SQL: SELECT * FROM `cdm_auth` WHERE `auth_level` = 0 ORDER BY auth_order asc  [ RunTime:0.0000s ]
SQL: SELECT * FROM `cdm_auth` WHERE `auth_level` = 1  [ RunTime:0.0000s ]
SQL: SELECT `role_auth_ac` FROM `cdm_manager` INNER JOIN  cdm_role ON cdm_manager.mg_role_id = cdm_role.role_id  WHERE `mg_id` = '1' LIMIT 1   [ RunTime:0.0010s ]
NOTIC: [2] Missing argument 1 for I(), called in G:\WWW7\Application\Home\Controller\CustomerInfoController.class.php on line 26 and defined G:\WWW7\ThinkPHP\Common\functions.php 第 271 行.
NOTIC: [8] Undefined variable: name G:\WWW7\ThinkPHP\Common\functions.php 第 273 行.
NOTIC: [8] Undefined variable: name G:\WWW7\ThinkPHP\Common\functions.php 第 278 行.
NOTIC: [8] Undefined variable: name G:\WWW7\ThinkPHP\Common\functions.php 第 339 行.
SQL: SHOW COLUMNS FROM `cdm_customer_info` [ RunTime:0.0020s ]
NOTIC: [8] Undefined index: validate G:\WWW7\ThinkPHP\Library\Think\Model.class.php 第 1185 行.
SQL: SELECT * FROM `cdm_customer_info` WHERE `idno` = '' LIMIT 1   [ RunTime:0.0000s ]

[ 2016-02-29T14:44:32+08:00 ] ::1 /index.php/CustomerInfo/add.html
INFO: [ app_begin ] --START--
INFO: Run Behavior\ReadHtmlCacheBehavior [ RunTime:0.001000s ]
INFO: [ app_begin ] --END-- [ RunTime:0.001000s ]
SQL: SHOW COLUMNS FROM `cdm_manager` [ RunTime:0.0120s ]
SQL: SELECT * FROM `cdm_manager` WHERE `mg_id` = 1  [ RunTime:0.0010s ]
SQL: SHOW COLUMNS FROM `cdm_role` [ RunTime:0.0100s ]
SQL: SELECT * FROM `cdm_role` WHERE `role_id` = 2  [ RunTime:0.0000s ]
SQL: SHOW COLUMNS FROM `cdm_auth` [ RunTime:0.0050s ]
SQL: SELECT * FROM `cdm_auth` WHERE `auth_level` = 0 ORDER BY auth_order asc  [ RunTime:0.0000s ]
SQL: SELECT * FROM `cdm_auth` WHERE `auth_level` = 1  [ RunTime:0.0000s ]
SQL: SELECT `role_auth_ac` FROM `cdm_manager` INNER JOIN  cdm_role ON cdm_manager.mg_role_id = cdm_role.role_id  WHERE `mg_id` = '1' LIMIT 1   [ RunTime:0.0000s ]
NOTIC: [2] Missing argument 1 for I(), called in G:\WWW7\Application\Home\Controller\CustomerInfoController.class.php on line 27 and defined G:\WWW7\ThinkPHP\Common\functions.php 第 271 行.
NOTIC: [8] Undefined variable: name G:\WWW7\ThinkPHP\Common\functions.php 第 273 行.
NOTIC: [8] Undefined variable: name G:\WWW7\ThinkPHP\Common\functions.php 第 278 行.
NOTIC: [8] Undefined variable: name G:\WWW7\ThinkPHP\Common\functions.php 第 339 行.
SQL: SHOW COLUMNS FROM `cdm_customer_info` [ RunTime:0.0050s ]
NOTIC: [8] Undefined index: validate G:\WWW7\ThinkPHP\Library\Think\Model.class.php 第 1185 行.
SQL: SELECT * FROM `cdm_customer_info` WHERE `idno` = '' LIMIT 1   [ RunTime:0.0000s ]

[ 2016-02-29T14:46:36+08:00 ] ::1 /index.php/CustomerInfo/add.html
INFO: [ app_begin ] --START--
INFO: Run Behavior\ReadHtmlCacheBehavior [ RunTime:0.000000s ]
INFO: [ app_begin ] --END-- [ RunTime:0.000000s ]
SQL: SHOW COLUMNS FROM `cdm_manager` [ RunTime:0.0030s ]
SQL: SELECT * FROM `cdm_manager` WHERE `mg_id` = 1  [ RunTime:0.0000s ]
SQL: SHOW COLUMNS FROM `cdm_role` [ RunTime:0.0040s ]
SQL: SELECT * FROM `cdm_role` WHERE `role_id` = 2  [ RunTime:0.0000s ]
SQL: SHOW COLUMNS FROM `cdm_auth` [ RunTime:0.0030s ]
SQL: SELECT * FROM `cdm_auth` WHERE `auth_level` = 0 ORDER BY auth_order asc  [ RunTime:0.0010s ]
SQL: SELECT * FROM `cdm_auth` WHERE `auth_level` = 1  [ RunTime:0.0000s ]
SQL: SELECT `role_auth_ac` FROM `cdm_manager` INNER JOIN  cdm_role ON cdm_manager.mg_role_id = cdm_role.role_id  WHERE `mg_id` = '1' LIMIT 1   [ RunTime:0.0000s ]
NOTIC: [2] Missing argument 1 for I(), called in G:\WWW7\Application\Home\Controller\CustomerInfoController.class.php on line 28 and defined G:\WWW7\ThinkPHP\Common\functions.php 第 271 行.
NOTIC: [8] Undefined variable: name G:\WWW7\ThinkPHP\Common\functions.php 第 273 行.
NOTIC: [8] Undefined variable: name G:\WWW7\ThinkPHP\Common\functions.php 第 278 行.
NOTIC: [8] Undefined variable: name G:\WWW7\ThinkPHP\Common\functions.php 第 339 行.
SQL: SHOW COLUMNS FROM `cdm_customer_info` [ RunTime:0.0030s ]
NOTIC: [8] Undefined index: validate G:\WWW7\ThinkPHP\Library\Think\Model.class.php 第 1185 行.
SQL: SELECT * FROM `cdm_customer_info` WHERE `idno` = '' LIMIT 1   [ RunTime:0.0010s ]

[ 2016-02-29T14:49:13+08:00 ] ::1 /index.php/CustomerInfo/add.html
INFO: [ app_begin ] --START--
INFO: Run Behavior\ReadHtmlCacheBehavior [ RunTime:0.000000s ]
INFO: [ app_begin ] --END-- [ RunTime:0.001000s ]
SQL: SHOW COLUMNS FROM `cdm_manager` [ RunTime:0.0040s ]
SQL: SELECT * FROM `cdm_manager` WHERE `mg_id` = 1  [ RunTime:0.0010s ]
SQL: SHOW COLUMNS FROM `cdm_role` [ RunTime:0.0040s ]
SQL: SELECT * FROM `cdm_role` WHERE `role_id` = 2  [ RunTime:0.0010s ]
SQL: SHOW COLUMNS FROM `cdm_auth` [ RunTime:0.0030s ]
SQL: SELECT * FROM `cdm_auth` WHERE `auth_level` = 0 ORDER BY auth_order asc  [ RunTime:0.0010s ]
SQL: SELECT * FROM `cdm_auth` WHERE `auth_level` = 1  [ RunTime:0.0010s ]
SQL: SELECT `role_auth_ac` FROM `cdm_manager` INNER JOIN  cdm_role ON cdm_manager.mg_role_id = cdm_role.role_id  WHERE `mg_id` = '1' LIMIT 1   [ RunTime:0.0000s ]
NOTIC: [2] Missing argument 1 for I(), called in G:\WWW7\Application\Home\Controller\CustomerInfoController.class.php on line 28 and defined G:\WWW7\ThinkPHP\Common\functions.php 第 271 行.
NOTIC: [8] Undefined variable: name G:\WWW7\ThinkPHP\Common\functions.php 第 273 行.
NOTIC: [8] Undefined variable: name G:\WWW7\ThinkPHP\Common\functions.php 第 278 行.
NOTIC: [8] Undefined variable: name G:\WWW7\ThinkPHP\Common\functions.php 第 339 行.
SQL: SHOW COLUMNS FROM `cdm_customer_info` [ RunTime:0.0040s ]
NOTIC: [8] Undefined index: validate G:\WWW7\ThinkPHP\Library\Think\Model.class.php 第 1185 行.
SQL: SELECT * FROM `cdm_customer_info` WHERE `idno` = '' LIMIT 1   [ RunTime:0.0000s ]

[ 2016-02-29T14:49:50+08:00 ] ::1 /index.php/CustomerInfo/add.html
INFO: [ app_begin ] --START--
INFO: Run Behavior\ReadHtmlCacheBehavior [ RunTime:0.001000s ]
INFO: [ app_begin ] --END-- [ RunTime:0.001000s ]
SQL: SHOW COLUMNS FROM `cdm_manager` [ RunTime:0.0040s ]
SQL: SELECT * FROM `cdm_manager` WHERE `mg_id` = 1  [ RunTime:0.0000s ]
SQL: SHOW COLUMNS FROM `cdm_role` [ RunTime:0.0050s ]
SQL: SELECT * FROM `cdm_role` WHERE `role_id` = 2  [ RunTime:0.0000s ]
SQL: SHOW COLUMNS FROM `cdm_auth` [ RunTime:0.0040s ]
SQL: SELECT * FROM `cdm_auth` WHERE `auth_level` = 0 ORDER BY auth_order asc  [ RunTime:0.0000s ]
SQL: SELECT * FROM `cdm_auth` WHERE `auth_level` = 1  [ RunTime:0.0010s ]
SQL: SELECT `role_auth_ac` FROM `cdm_manager` INNER JOIN  cdm_role ON cdm_manager.mg_role_id = cdm_role.role_id  WHERE `mg_id` = '1' LIMIT 1   [ RunTime:0.0010s ]
NOTIC: [2] Missing argument 1 for I(), called in G:\WWW7\Application\Home\Controller\CustomerInfoController.class.php on line 28 and defined G:\WWW7\ThinkPHP\Common\functions.php 第 271 行.
NOTIC: [8] Undefined variable: name G:\WWW7\ThinkPHP\Common\functions.php 第 273 行.
NOTIC: [8] Undefined variable: name G:\WWW7\ThinkPHP\Common\functions.php 第 278 行.
NOTIC: [8] Undefined variable: name G:\WWW7\ThinkPHP\Common\functions.php 第 339 行.
SQL: SHOW COLUMNS FROM `cdm_customer_info` [ RunTime:0.0040s ]
NOTIC: [8] Undefined index: validate G:\WWW7\ThinkPHP\Library\Think\Model.class.php 第 1185 行.
SQL: SELECT * FROM `cdm_customer_info` WHERE `idno` = '' LIMIT 1   [ RunTime:0.0010s ]

[ 2016-02-29T14:52:15+08:00 ] ::1 /index.php/CustomerInfo/add.html
INFO: [ app_begin ] --START--
INFO: Run Behavior\ReadHtmlCacheBehavior [ RunTime:0.000000s ]
INFO: [ app_begin ] --END-- [ RunTime:0.000000s ]
SQL: SHOW COLUMNS FROM `cdm_manager` [ RunTime:0.0050s ]
SQL: SELECT * FROM `cdm_manager` WHERE `mg_id` = 1  [ RunTime:0.0000s ]
SQL: SHOW COLUMNS FROM `cdm_role` [ RunTime:0.0040s ]
SQL: SELECT * FROM `cdm_role` WHERE `role_id` = 2  [ RunTime:0.0010s ]
SQL: SHOW COLUMNS FROM `cdm_auth` [ RunTime:0.0060s ]
SQL: SELECT * FROM `cdm_auth` WHERE `auth_level` = 0 ORDER BY auth_order asc  [ RunTime:0.0010s ]
SQL: SELECT * FROM `cdm_auth` WHERE `auth_level` = 1  [ RunTime:0.0000s ]
SQL: SELECT `role_auth_ac` FROM `cdm_manager` INNER JOIN  cdm_role ON cdm_manager.mg_role_id = cdm_role.role_id  WHERE `mg_id` = '1' LIMIT 1   [ RunTime:0.0000s ]
NOTIC: [2] Missing argument 1 for I(), called in G:\WWW7\Application\Home\Controller\CustomerInfoController.class.php on line 28 and defined G:\WWW7\ThinkPHP\Common\functions.php 第 271 行.
NOTIC: [8] Undefined variable: name G:\WWW7\ThinkPHP\Common\functions.php 第 273 行.
NOTIC: [8] Undefined variable: name G:\WWW7\ThinkPHP\Common\functions.php 第 278 行.
NOTIC: [8] Undefined variable: name G:\WWW7\ThinkPHP\Common\functions.php 第 339 行.
SQL: SHOW COLUMNS FROM `cdm_customer_info` [ RunTime:0.0060s ]
NOTIC: [8] Undefined index: validate G:\WWW7\ThinkPHP\Library\Think\Model.class.php 第 1185 行.
SQL: SELECT * FROM `cdm_customer_info` WHERE `idno` = '' LIMIT 1   [ RunTime:0.0000s ]

[ 2016-02-29T14:54:10+08:00 ] ::1 /index.php/CustomerInfo/add.html
INFO: [ app_begin ] --START--
INFO: Run Behavior\ReadHtmlCacheBehavior [ RunTime:0.000000s ]
INFO: [ app_begin ] --END-- [ RunTime:0.000000s ]
SQL: SHOW COLUMNS FROM `cdm_manager` [ RunTime:0.0030s ]
SQL: SELECT * FROM `cdm_manager` WHERE `mg_id` = 1  [ RunTime:0.0010s ]
SQL: SHOW COLUMNS FROM `cdm_role` [ RunTime:0.0040s ]
SQL: SELECT * FROM `cdm_role` WHERE `role_id` = 2  [ RunTime:0.0000s ]
SQL: SHOW COLUMNS FROM `cdm_auth` [ RunTime:0.0030s ]
SQL: SELECT * FROM `cdm_auth` WHERE `auth_level` = 0 ORDER BY auth_order asc  [ RunTime:0.0000s ]
SQL: SELECT * FROM `cdm_auth` WHERE `auth_level` = 1  [ RunTime:0.0010s ]
SQL: SELECT `role_auth_ac` FROM `cdm_manager` INNER JOIN  cdm_role ON cdm_manager.mg_role_id = cdm_role.role_id  WHERE `mg_id` = '1' LIMIT 1   [ RunTime:0.0000s ]
NOTIC: [2] Missing argument 1 for I(), called in G:\WWW7\Application\Home\Controller\CustomerInfoController.class.php on line 28 and defined G:\WWW7\ThinkPHP\Common\functions.php 第 271 行.
NOTIC: [8] Undefined variable: name G:\WWW7\ThinkPHP\Common\functions.php 第 273 行.
NOTIC: [8] Undefined variable: name G:\WWW7\ThinkPHP\Common\functions.php 第 278 行.
NOTIC: [8] Undefined variable: name G:\WWW7\ThinkPHP\Common\functions.php 第 339 行.
SQL: SHOW COLUMNS FROM `cdm_customer_info` [ RunTime:0.0030s ]
NOTIC: [8] Undefined index: validate G:\WWW7\ThinkPHP\Library\Think\Model.class.php 第 1185 行.
SQL: SELECT * FROM `cdm_customer_info` WHERE `idno` = '' LIMIT 1   [ RunTime:0.0000s ]

[ 2016-02-29T16:42:09+08:00 ] ::1 /index.php/testa
ERR: 非法操作:index

[ 2016-02-29T16:42:13+08:00 ] ::1 /index.php/testa/add
ERR: 模板不存在:./Application/Home/View/Testa/add.html

[ 2016-02-29T16:42:30+08:00 ] ::1 /index.php/testa/test
ERR: 模板不存在:./Application/Home/View/Testa/test.html

