[ 2016-02-24T09:26:25+08:00 ] ::1 /index.php/public/login
INFO: [ app_init ] --START--
INFO: Run Behavior\BuildLiteBehavior [ RunTime:0.000000s ]
INFO: [ app_init ] --END-- [ RunTime:0.001000s ]
INFO: [ app_begin ] --START--
INFO: Run Behavior\ReadHtmlCacheBehavior [ RunTime:0.001000s ]
INFO: [ app_begin ] --END-- [ RunTime:0.001000s ]
INFO: [ view_parse ] --START--
INFO: [ template_filter ] --START--
INFO: Run Behavior\ContentReplaceBehavior [ RunTime:0.000000s ]
INFO: [ template_filter ] --END-- [ RunTime:0.000000s ]
INFO: Run Behavior\ParseTemplateBehavior [ RunTime:0.033002s ]
INFO: [ view_parse ] --END-- [ RunTime:0.033002s ]
INFO: [ view_filter ] --START--
INFO: Run Behavior\WriteHtmlCacheBehavior [ RunTime:0.001000s ]
INFO: [ view_filter ] --END-- [ RunTime:0.001000s ]
INFO: [ app_end ] --START--
INFO: Run Behavior\ShowPageTraceBehavior [ RunTime:0.001000s ]
INFO: [ app_end ] --END-- [ RunTime:0.001000s ]

[ 2016-02-24T09:26:26+08:00 ] ::1 /favicon.ico
INFO: [ app_init ] --START--
INFO: Run Behavior\BuildLiteBehavior [ RunTime:0.000000s ]
INFO: [ app_init ] --END-- [ RunTime:0.001000s ]

[ 2016-02-24T09:26:34+08:00 ] ::1 /index.php/public/login
INFO: [ app_init ] --START--
INFO: Run Behavior\BuildLiteBehavior [ RunTime:0.000000s ]
INFO: [ app_init ] --END-- [ RunTime:0.003001s ]
INFO: [ app_begin ] --START--
INFO: Run Behavior\ReadHtmlCacheBehavior [ RunTime:0.001000s ]
INFO: [ app_begin ] --END-- [ RunTime:0.001000s ]
SQL: SHOW COLUMNS FROM `cdm_manager` [ RunTime:0.0120s ]
SQL: SELECT * FROM `cdm_manager` WHERE `mg_name` = 'admin' LIMIT 1   [ RunTime:0.0010s ]

[ 2016-02-24T09:26:35+08:00 ] ::1 /index.php/Index/index.html
INFO: [ app_init ] --START--
INFO: Run Behavior\BuildLiteBehavior [ RunTime:0.001000s ]
INFO: [ app_init ] --END-- [ RunTime:0.001000s ]
INFO: [ app_begin ] --START--
INFO: Run Behavior\ReadHtmlCacheBehavior [ RunTime:0.001000s ]
INFO: [ app_begin ] --END-- [ RunTime:0.001000s ]
SQL: SHOW COLUMNS FROM `cdm_manager` [ RunTime:0.0060s ]
SQL: SELECT * FROM `cdm_manager` WHERE `mg_id` = 1  [ RunTime:0.0010s ]
SQL: SHOW COLUMNS FROM `cdm_role` [ RunTime:0.0090s ]
SQL: SELECT * FROM `cdm_role` WHERE `role_id` = 1  [ RunTime:0.0000s ]
SQL: SHOW COLUMNS FROM `cdm_auth` [ RunTime:0.0070s ]
SQL: SELECT * FROM `cdm_auth` WHERE `auth_level` = 0  [ RunTime:0.0000s ]
SQL: SELECT * FROM `cdm_auth` WHERE `auth_level` = 1  [ RunTime:0.0000s ]
NOTIC: [2] Missing argument 1 for Think\Controller::show(), called in G:\WWW7\Application\Home\Controller\IndexController.class.php on line 6 and defined G:\WWW7\ThinkPHP\Library\Think\Controller.class.php 第 68 行.
NOTIC: [8] Undefined variable: content G:\WWW7\ThinkPHP\Library\Think\Controller.class.php 第 69 行.
INFO: [ view_parse ] --START--
INFO: [ template_filter ] --START--
INFO: Run Behavior\ContentReplaceBehavior [ RunTime:0.000000s ]
INFO: [ template_filter ] --END-- [ RunTime:0.000000s ]
INFO: Run Behavior\ParseTemplateBehavior [ RunTime:0.036002s ]
INFO: [ view_parse ] --END-- [ RunTime:0.036002s ]
INFO: [ view_filter ] --START--
INFO: Run Behavior\WriteHtmlCacheBehavior [ RunTime:0.000000s ]
INFO: [ view_filter ] --END-- [ RunTime:0.000000s ]
INFO: [ app_end ] --START--
INFO: Run Behavior\ShowPageTraceBehavior [ RunTime:0.000000s ]
INFO: [ app_end ] --END-- [ RunTime:0.000000s ]

[ 2016-02-24T10:18:12+08:00 ] ::1 /index.php/Index/index.html
INFO: [ app_init ] --START--
INFO: Run Behavior\BuildLiteBehavior [ RunTime:0.001000s ]
INFO: [ app_init ] --END-- [ RunTime:0.001000s ]
INFO: [ app_begin ] --START--
INFO: Run Behavior\ReadHtmlCacheBehavior [ RunTime:0.001000s ]
INFO: [ app_begin ] --END-- [ RunTime:0.001000s ]

[ 2016-02-24T10:18:17+08:00 ] ::1 /index.php/Index/index.html
INFO: [ app_init ] --START--
INFO: Run Behavior\BuildLiteBehavior [ RunTime:0.000000s ]
INFO: [ app_init ] --END-- [ RunTime:0.001000s ]
INFO: [ app_begin ] --START--
INFO: Run Behavior\ReadHtmlCacheBehavior [ RunTime:0.000000s ]
INFO: [ app_begin ] --END-- [ RunTime:0.000000s ]

[ 2016-02-24T10:18:17+08:00 ] ::1 /index.php/Index/index.html
INFO: [ app_init ] --START--
INFO: Run Behavior\BuildLiteBehavior [ RunTime:0.000000s ]
INFO: [ app_init ] --END-- [ RunTime:0.000000s ]
INFO: [ app_begin ] --START--
INFO: Run Behavior\ReadHtmlCacheBehavior [ RunTime:0.000000s ]
INFO: [ app_begin ] --END-- [ RunTime:0.000000s ]

[ 2016-02-24T10:18:18+08:00 ] ::1 /index.php/Index/index.html
INFO: [ app_init ] --START--
INFO: Run Behavior\BuildLiteBehavior [ RunTime:0.000000s ]
INFO: [ app_init ] --END-- [ RunTime:0.000000s ]
INFO: [ app_begin ] --START--
INFO: Run Behavior\ReadHtmlCacheBehavior [ RunTime:0.002000s ]
INFO: [ app_begin ] --END-- [ RunTime:0.002000s ]

[ 2016-02-24T10:19:06+08:00 ] ::1 /index.php/Index/index.html
INFO: [ app_init ] --START--
INFO: Run Behavior\BuildLiteBehavior [ RunTime:0.000000s ]
INFO: [ app_init ] --END-- [ RunTime:0.001001s ]
INFO: [ app_begin ] --START--
INFO: Run Behavior\ReadHtmlCacheBehavior [ RunTime:0.001000s ]
INFO: [ app_begin ] --END-- [ RunTime:0.001000s ]

[ 2016-02-24T10:19:07+08:00 ] ::1 /index.php/Index/index.html
INFO: [ app_init ] --START--
INFO: Run Behavior\BuildLiteBehavior [ RunTime:0.000000s ]
INFO: [ app_init ] --END-- [ RunTime:0.001000s ]
INFO: [ app_begin ] --START--
INFO: Run Behavior\ReadHtmlCacheBehavior [ RunTime:0.002000s ]
INFO: [ app_begin ] --END-- [ RunTime:0.002000s ]

[ 2016-02-24T10:19:26+08:00 ] ::1 /index.php/Index/index.html
INFO: [ app_init ] --START--
INFO: Run Behavior\BuildLiteBehavior [ RunTime:0.000000s ]
INFO: [ app_init ] --END-- [ RunTime:0.000000s ]
INFO: [ app_begin ] --START--
INFO: Run Behavior\ReadHtmlCacheBehavior [ RunTime:0.001000s ]
INFO: [ app_begin ] --END-- [ RunTime:0.001000s ]
SQL: SHOW COLUMNS FROM `cdm_manager` [ RunTime:0.0060s ]
SQL: SELECT * FROM `cdm_manager` WHERE `mg_id` = 1  [ RunTime:0.0010s ]
SQL: SHOW COLUMNS FROM `cdm_role` [ RunTime:0.0070s ]
SQL: SELECT * FROM `cdm_role` WHERE `role_id` = 1  [ RunTime:0.0000s ]
SQL: SHOW COLUMNS FROM `cdm_auth` [ RunTime:0.0060s ]
SQL: SELECT * FROM `cdm_auth` WHERE `auth_level` = 0  [ RunTime:0.0000s ]
SQL: SELECT * FROM `cdm_auth` WHERE `auth_level` = 1  [ RunTime:0.0010s ]
SQL: SELECT * FROM `cdm_manager`  [ RunTime:0.0000s ]
NOTIC: [2] Missing argument 1 for Think\Controller::show(), called in G:\WWW7\Application\Home\Controller\IndexController.class.php on line 6 and defined G:\WWW7\ThinkPHP\Library\Think\Controller.class.php 第 68 行.
NOTIC: [8] Undefined variable: content G:\WWW7\ThinkPHP\Library\Think\Controller.class.php 第 69 行.
INFO: [ view_parse ] --START--
INFO: [ template_filter ] --START--
INFO: Run Behavior\ContentReplaceBehavior [ RunTime:0.000000s ]
INFO: [ template_filter ] --END-- [ RunTime:0.000000s ]
INFO: Run Behavior\ParseTemplateBehavior [ RunTime:0.015001s ]
INFO: [ view_parse ] --END-- [ RunTime:0.015001s ]
INFO: [ view_filter ] --START--
INFO: Run Behavior\WriteHtmlCacheBehavior [ RunTime:0.001000s ]
INFO: [ view_filter ] --END-- [ RunTime:0.001000s ]
INFO: [ app_end ] --START--
INFO: Run Behavior\ShowPageTraceBehavior [ RunTime:0.001000s ]
INFO: [ app_end ] --END-- [ RunTime:0.001000s ]

[ 2016-02-24T10:19:38+08:00 ] ::1 /index.php/Index/index.html
INFO: [ app_init ] --START--
INFO: Run Behavior\BuildLiteBehavior [ RunTime:0.000000s ]
INFO: [ app_init ] --END-- [ RunTime:0.000000s ]
INFO: [ app_begin ] --START--
INFO: Run Behavior\ReadHtmlCacheBehavior [ RunTime:0.001000s ]
INFO: [ app_begin ] --END-- [ RunTime:0.001000s ]
SQL: SHOW COLUMNS FROM `cdm_manager` [ RunTime:0.0050s ]
SQL: SELECT * FROM `cdm_manager` WHERE `mg_id` = 1  [ RunTime:0.0010s ]
SQL: SHOW COLUMNS FROM `cdm_role` [ RunTime:0.0040s ]
SQL: SELECT * FROM `cdm_role` WHERE `role_id` = 1  [ RunTime:0.0010s ]
SQL: SHOW COLUMNS FROM `cdm_auth` [ RunTime:0.0040s ]
SQL: SELECT * FROM `cdm_auth` WHERE `auth_level` = 0  [ RunTime:0.0000s ]
SQL: SELECT * FROM `cdm_auth` WHERE `auth_level` = 1  [ RunTime:0.0000s ]
ERR: 1146:Table 'cdmsys.role' doesn't exist
 [ SQL语句 ] : SELECT * FROM `cdm_manager` INNER JOIN  role ON manager.mg_role_id = role.mg_id  
ERR: 1146:Table 'cdmsys.role' doesn't exist
 [ SQL语句 ] : SELECT * FROM `cdm_manager` INNER JOIN  role ON manager.mg_role_id = role.mg_id  

[ 2016-02-24T10:20:52+08:00 ] ::1 /index.php/Index/index.html
INFO: [ app_init ] --START--
INFO: Run Behavior\BuildLiteBehavior [ RunTime:0.000000s ]
INFO: [ app_init ] --END-- [ RunTime:0.001000s ]
INFO: [ app_begin ] --START--
INFO: Run Behavior\ReadHtmlCacheBehavior [ RunTime:0.001000s ]
INFO: [ app_begin ] --END-- [ RunTime:0.001000s ]
SQL: SHOW COLUMNS FROM `cdm_manager` [ RunTime:0.0060s ]
SQL: SELECT * FROM `cdm_manager` WHERE `mg_id` = 1  [ RunTime:0.0010s ]
SQL: SHOW COLUMNS FROM `cdm_role` [ RunTime:0.0050s ]
SQL: SELECT * FROM `cdm_role` WHERE `role_id` = 1  [ RunTime:0.0000s ]
SQL: SHOW COLUMNS FROM `cdm_auth` [ RunTime:0.0040s ]
SQL: SELECT * FROM `cdm_auth` WHERE `auth_level` = 0  [ RunTime:0.0000s ]
SQL: SELECT * FROM `cdm_auth` WHERE `auth_level` = 1  [ RunTime:0.0010s ]
ERR: 1054:Unknown column 'cdm_role.mg_id' in 'on clause'
 [ SQL语句 ] : SELECT * FROM `cdm_manager` INNER JOIN  cdm_role ON cdm_manager.mg_role_id = cdm_role.mg_id  
ERR: 1054:Unknown column 'cdm_role.mg_id' in 'on clause'
 [ SQL语句 ] : SELECT * FROM `cdm_manager` INNER JOIN  cdm_role ON cdm_manager.mg_role_id = cdm_role.mg_id  

[ 2016-02-24T10:34:13+08:00 ] ::1 /index.php/Index/index.html
INFO: [ app_init ] --START--
INFO: Run Behavior\BuildLiteBehavior [ RunTime:0.000000s ]
INFO: [ app_init ] --END-- [ RunTime:0.001000s ]
INFO: [ app_begin ] --START--
INFO: Run Behavior\ReadHtmlCacheBehavior [ RunTime:0.000000s ]
INFO: [ app_begin ] --END-- [ RunTime:0.000000s ]
SQL: SHOW COLUMNS FROM `cdm_manager` [ RunTime:0.0060s ]
SQL: SELECT * FROM `cdm_manager` WHERE `mg_id` = 1  [ RunTime:0.0010s ]
SQL: SHOW COLUMNS FROM `cdm_role` [ RunTime:0.0060s ]
SQL: SELECT * FROM `cdm_role` WHERE `role_id` = 1  [ RunTime:0.0010s ]
SQL: SHOW COLUMNS FROM `cdm_auth` [ RunTime:0.0050s ]
SQL: SELECT * FROM `cdm_auth` WHERE `auth_level` = 0  [ RunTime:0.0010s ]
SQL: SELECT * FROM `cdm_auth` WHERE `auth_level` = 1  [ RunTime:0.0000s ]
SQL: SELECT * FROM `cdm_manager` INNER JOIN  cdm_role ON cdm_manager.mg_role_id = cdm_role.role_id   [ RunTime:0.0000s ]
NOTIC: [2] Missing argument 1 for Think\Controller::show(), called in G:\WWW7\Application\Home\Controller\IndexController.class.php on line 6 and defined G:\WWW7\ThinkPHP\Library\Think\Controller.class.php 第 68 行.
NOTIC: [8] Undefined variable: content G:\WWW7\ThinkPHP\Library\Think\Controller.class.php 第 69 行.
INFO: [ view_parse ] --START--
INFO: [ template_filter ] --START--
INFO: Run Behavior\ContentReplaceBehavior [ RunTime:0.000000s ]
INFO: [ template_filter ] --END-- [ RunTime:0.000000s ]
INFO: Run Behavior\ParseTemplateBehavior [ RunTime:0.019001s ]
INFO: [ view_parse ] --END-- [ RunTime:0.020001s ]
INFO: [ view_filter ] --START--
INFO: Run Behavior\WriteHtmlCacheBehavior [ RunTime:0.000000s ]
INFO: [ view_filter ] --END-- [ RunTime:0.000000s ]
INFO: [ app_end ] --START--
INFO: Run Behavior\ShowPageTraceBehavior [ RunTime:0.000000s ]
INFO: [ app_end ] --END-- [ RunTime:0.001000s ]

[ 2016-02-24T10:35:02+08:00 ] ::1 /index.php/Index/index.html
INFO: [ app_init ] --START--
INFO: Run Behavior\BuildLiteBehavior [ RunTime:0.000000s ]
INFO: [ app_init ] --END-- [ RunTime:0.000000s ]
INFO: [ app_begin ] --START--
INFO: Run Behavior\ReadHtmlCacheBehavior [ RunTime:0.001000s ]
INFO: [ app_begin ] --END-- [ RunTime:0.001000s ]
SQL: SHOW COLUMNS FROM `cdm_manager` [ RunTime:0.0060s ]
SQL: SELECT * FROM `cdm_manager` WHERE `mg_id` = 1  [ RunTime:0.0000s ]
SQL: SHOW COLUMNS FROM `cdm_role` [ RunTime:0.0060s ]
SQL: SELECT * FROM `cdm_role` WHERE `role_id` = 1  [ RunTime:0.0010s ]
SQL: SHOW COLUMNS FROM `cdm_auth` [ RunTime:0.0060s ]
SQL: SELECT * FROM `cdm_auth` WHERE `auth_level` = 0  [ RunTime:0.0000s ]
SQL: SELECT * FROM `cdm_auth` WHERE `auth_level` = 1  [ RunTime:0.0000s ]
SQL: SELECT * FROM `cdm_manager` INNER JOIN  cdm_role ON cdm_manager.mg_role_id = cdm_role.role_id  WHERE `mg_id` = '1'  [ RunTime:0.0000s ]
NOTIC: [2] Missing argument 1 for Think\Controller::show(), called in G:\WWW7\Application\Home\Controller\IndexController.class.php on line 6 and defined G:\WWW7\ThinkPHP\Library\Think\Controller.class.php 第 68 行.
NOTIC: [8] Undefined variable: content G:\WWW7\ThinkPHP\Library\Think\Controller.class.php 第 69 行.
INFO: [ view_parse ] --START--
INFO: [ template_filter ] --START--
INFO: Run Behavior\ContentReplaceBehavior [ RunTime:0.000000s ]
INFO: [ template_filter ] --END-- [ RunTime:0.000000s ]
INFO: Run Behavior\ParseTemplateBehavior [ RunTime:0.016001s ]
INFO: [ view_parse ] --END-- [ RunTime:0.016001s ]
INFO: [ view_filter ] --START--
INFO: Run Behavior\WriteHtmlCacheBehavior [ RunTime:0.000000s ]
INFO: [ view_filter ] --END-- [ RunTime:0.000000s ]
INFO: [ app_end ] --START--
INFO: Run Behavior\ShowPageTraceBehavior [ RunTime:0.000000s ]
INFO: [ app_end ] --END-- [ RunTime:0.000000s ]

[ 2016-02-24T10:35:34+08:00 ] ::1 /index.php/Index/index.html
INFO: [ app_init ] --START--
INFO: Run Behavior\BuildLiteBehavior [ RunTime:0.000000s ]
INFO: [ app_init ] --END-- [ RunTime:0.001000s ]
INFO: [ app_begin ] --START--
INFO: Run Behavior\ReadHtmlCacheBehavior [ RunTime:0.001000s ]
INFO: [ app_begin ] --END-- [ RunTime:0.001000s ]
SQL: SHOW COLUMNS FROM `cdm_manager` [ RunTime:0.0060s ]
SQL: SELECT * FROM `cdm_manager` WHERE `mg_id` = 1  [ RunTime:0.0000s ]
SQL: SHOW COLUMNS FROM `cdm_role` [ RunTime:0.0070s ]
SQL: SELECT * FROM `cdm_role` WHERE `role_id` = 1  [ RunTime:0.0010s ]
SQL: SHOW COLUMNS FROM `cdm_auth` [ RunTime:0.0030s ]
SQL: SELECT * FROM `cdm_auth` WHERE `auth_level` = 0  [ RunTime:0.0000s ]
SQL: SELECT * FROM `cdm_auth` WHERE `auth_level` = 1  [ RunTime:0.0000s ]
SQL: SELECT * FROM `cdm_manager` INNER JOIN  cdm_role ON cdm_manager.mg_role_id = cdm_role.role_id  WHERE `mg_id` = 'role_auth_ac'  [ RunTime:0.0000s ]
NOTIC: [2] Missing argument 1 for Think\Controller::show(), called in G:\WWW7\Application\Home\Controller\IndexController.class.php on line 6 and defined G:\WWW7\ThinkPHP\Library\Think\Controller.class.php 第 68 行.
NOTIC: [8] Undefined variable: content G:\WWW7\ThinkPHP\Library\Think\Controller.class.php 第 69 行.
INFO: [ view_parse ] --START--
INFO: [ template_filter ] --START--
INFO: Run Behavior\ContentReplaceBehavior [ RunTime:0.001000s ]
INFO: [ template_filter ] --END-- [ RunTime:0.001000s ]
INFO: Run Behavior\ParseTemplateBehavior [ RunTime:0.017001s ]
INFO: [ view_parse ] --END-- [ RunTime:0.017001s ]
INFO: [ view_filter ] --START--
INFO: Run Behavior\WriteHtmlCacheBehavior [ RunTime:0.001000s ]
INFO: [ view_filter ] --END-- [ RunTime:0.001000s ]
INFO: [ app_end ] --START--
INFO: Run Behavior\ShowPageTraceBehavior [ RunTime:0.001000s ]
INFO: [ app_end ] --END-- [ RunTime:0.001000s ]

[ 2016-02-24T10:40:11+08:00 ] ::1 /index.php/Index/index.html
INFO: [ app_init ] --START--
INFO: Run Behavior\BuildLiteBehavior [ RunTime:0.000000s ]
INFO: [ app_init ] --END-- [ RunTime:0.000000s ]

[ 2016-02-24T10:40:45+08:00 ] ::1 /index.php/Index/index.html
INFO: [ app_init ] --START--
INFO: Run Behavior\BuildLiteBehavior [ RunTime:0.000000s ]
INFO: [ app_init ] --END-- [ RunTime:0.001000s ]
INFO: [ app_begin ] --START--
INFO: Run Behavior\ReadHtmlCacheBehavior [ RunTime:0.001000s ]
INFO: [ app_begin ] --END-- [ RunTime:0.001000s ]
SQL: SHOW COLUMNS FROM `cdm_manager` [ RunTime:0.0050s ]
SQL: SELECT * FROM `cdm_manager` WHERE `mg_id` = 1  [ RunTime:0.0000s ]
SQL: SHOW COLUMNS FROM `cdm_role` [ RunTime:0.0050s ]
SQL: SELECT * FROM `cdm_role` WHERE `role_id` = 1  [ RunTime:0.0010s ]
SQL: SHOW COLUMNS FROM `cdm_auth` [ RunTime:0.0070s ]
SQL: SELECT * FROM `cdm_auth` WHERE `auth_level` = 0  [ RunTime:0.0000s ]
SQL: SELECT * FROM `cdm_auth` WHERE `auth_level` = 1  [ RunTime:0.0000s ]
SQL: SELECT * FROM `cdm_manager` INNER JOIN  cdm_role ON cdm_manager.mg_role_id = cdm_role.role_id  WHERE `mg_id` = 'role_auth_ac'  [ RunTime:0.0000s ]
NOTIC: [2] Missing argument 1 for Think\Controller::show(), called in G:\WWW7\Application\Home\Controller\IndexController.class.php on line 6 and defined G:\WWW7\ThinkPHP\Library\Think\Controller.class.php 第 68 行.
NOTIC: [8] Undefined variable: content G:\WWW7\ThinkPHP\Library\Think\Controller.class.php 第 69 行.
INFO: [ view_parse ] --START--
INFO: [ template_filter ] --START--
INFO: Run Behavior\ContentReplaceBehavior [ RunTime:0.000000s ]
INFO: [ template_filter ] --END-- [ RunTime:0.000000s ]
INFO: Run Behavior\ParseTemplateBehavior [ RunTime:0.018001s ]
INFO: [ view_parse ] --END-- [ RunTime:0.018001s ]
INFO: [ view_filter ] --START--
INFO: Run Behavior\WriteHtmlCacheBehavior [ RunTime:0.001000s ]
INFO: [ view_filter ] --END-- [ RunTime:0.001000s ]
INFO: [ app_end ] --START--
INFO: Run Behavior\ShowPageTraceBehavior [ RunTime:0.001000s ]
INFO: [ app_end ] --END-- [ RunTime:0.001000s ]

[ 2016-02-24T11:22:48+08:00 ] ::1 /index.php/Deal/lists.html
ERR: 无法加载控制器:Deal

[ 2016-02-24T11:22:57+08:00 ] ::1 /index.php/Deal/lists.html
ERR: 无法加载控制器:Deal

[ 2016-02-24T11:42:34+08:00 ] ::1 /Public/Static/bower_components/datatables-responsive/css/dataTables.responsive.css
ERR: 非法操作:Static

[ 2016-02-24T11:45:21+08:00 ] ::1 /Public/Static/bower_components/datatables-responsive/css/dataTables.responsive.css
ERR: 非法操作:Static

[ 2016-02-24T13:36:01+08:00 ] ::1 /index.php/index
ERR: 1064:You have an error in your SQL syntax; check the manual that corresponds to your MySQL server version for the right syntax to use near ') AND `auth_level` = 0' at line 1
 [ SQL语句 ] : SELECT * FROM `cdm_auth` WHERE `auth_id` IN () AND `auth_level` = 0 

[ 2016-02-24T13:36:45+08:00 ] ::1 /index.php/
ERR: 1064:You have an error in your SQL syntax; check the manual that corresponds to your MySQL server version for the right syntax to use near ') AND `auth_level` = 0' at line 1
 [ SQL语句 ] : SELECT * FROM `cdm_auth` WHERE `auth_id` IN () AND `auth_level` = 0 

[ 2016-02-24T13:36:46+08:00 ] ::1 /index.php/
ERR: 1064:You have an error in your SQL syntax; check the manual that corresponds to your MySQL server version for the right syntax to use near ') AND `auth_level` = 0' at line 1
 [ SQL语句 ] : SELECT * FROM `cdm_auth` WHERE `auth_id` IN () AND `auth_level` = 0 

[ 2016-02-24T13:37:17+08:00 ] ::1 /
ERR: 1064:You have an error in your SQL syntax; check the manual that corresponds to your MySQL server version for the right syntax to use near ') AND `auth_level` = 0' at line 1
 [ SQL语句 ] : SELECT * FROM `cdm_auth` WHERE `auth_id` IN () AND `auth_level` = 0 

[ 2016-02-24T14:10:38+08:00 ] ::1 /Public/Static/bower_components/datatables-responsive/css/dataTables.responsive.css
ERR: 非法操作:Static

[ 2016-02-24T14:10:42+08:00 ] ::1 /Public/Static/bower_components/datatables-responsive/css/dataTables.responsive.css
ERR: 非法操作:Static

[ 2016-02-24T14:22:00+08:00 ] ::1 /index.php/User/role.html
ERR: 模板不存在:./Application/Home/View/User/role.html

[ 2016-02-24T14:22:16+08:00 ] ::1 /index.php/Role/lists.html
ERR: 无法加载控制器:Role

[ 2016-02-24T14:22:37+08:00 ] ::1 /Public/Static/bower_components/datatables-responsive/css/dataTables.responsive.css
ERR: 非法操作:Static

[ 2016-02-24T14:23:30+08:00 ] ::1 /Public/Static/bower_components/datatables-responsive/css/dataTables.responsive.css
ERR: 非法操作:Static

[ 2016-02-24T14:27:39+08:00 ] ::1 /Public/Static/bower_components/datatables-responsive/css/dataTables.responsive.css
ERR: 非法操作:Static

[ 2016-02-24T14:38:36+08:00 ] ::1 /index.php/Role/distribute/id/2.html
ERR: 参数错误或者未定义:role_id

[ 2016-02-24T14:38:55+08:00 ] ::1 /Public/Static/bower_components/datatables-responsive/css/dataTables.responsive.css
ERR: 非法操作:Static

[ 2016-02-24T14:45:38+08:00 ] ::1 /index.php/Role/distribute/role_id/2.html
ERR: 1146:Table 'cdmsys.cdm_' doesn't exist
 [ SQL语句 ] : SELECT * FROM `cdm_` WHERE `role_id` = '2' LIMIT 1  

[ 2016-02-24T14:46:11+08:00 ] ::1 /index.php/Role/distribute/role_id/2.html
ERR: 1146:Table 'cdmsys.cdm_' doesn't exist
 [ SQL语句 ] : SELECT * FROM `cdm_` WHERE `role_id` = '2' LIMIT 1  

[ 2016-02-24T15:59:55+08:00 ] ::1 /Public/Static/bower_components/datatables-responsive/css/dataTables.responsive.css
ERR: 非法操作:Static

[ 2016-02-24T16:31:14+08:00 ] ::1 /Public/Static/bower_components/datatables-responsive/css/dataTables.responsive.css
ERR: 非法操作:Static

[ 2016-02-24T16:50:10+08:00 ] ::1 /Public/Static/bower_components/datatables-responsive/css/dataTables.responsive.css
ERR: 非法操作:Static

[ 2016-02-24T17:26:14+08:00 ] ::1 /Public/Static/bower_components/datatables-responsive/css/dataTables.responsive.css
ERR: 非法操作:Static

[ 2016-02-24T17:26:31+08:00 ] ::1 /Public/Static/bower_components/datatables-responsive/css/dataTables.responsive.css
ERR: 非法操作:Static

[ 2016-02-24T17:26:40+08:00 ] ::1 /Public/Static/bower_components/datatables-responsive/css/dataTables.responsive.css
ERR: 非法操作:Static

[ 2016-02-24T17:39:49+08:00 ] ::1 /Public/Static/bower_components/datatables-responsive/css/dataTables.responsive.css
ERR: 非法操作:Static

[ 2016-02-24T17:39:52+08:00 ] ::1 /index.php/Auth/lists.html
ERR: 无法加载控制器:Auth

[ 2016-02-24T17:40:20+08:00 ] ::1 /Public/Static/bower_components/datatables-responsive/css/dataTables.responsive.css
ERR: 非法操作:Static

[ 2016-02-24T17:44:36+08:00 ] ::1 /Public/Static/bower_components/datatables-responsive/css/dataTables.responsive.css
ERR: 非法操作:Static

[ 2016-02-24T17:45:06+08:00 ] ::1 /Public/Static/bower_components/datatables-responsive/css/dataTables.responsive.css
ERR: 非法操作:Static

[ 2016-02-24T17:45:22+08:00 ] ::1 /Public/Static/bower_components/datatables-responsive/css/dataTables.responsive.css
ERR: 非法操作:Static

[ 2016-02-24T17:46:56+08:00 ] ::1 /Public/Static/bower_components/datatables-responsive/css/dataTables.responsive.css
ERR: 非法操作:Static

[ 2016-02-24T17:47:44+08:00 ] ::1 /Public/Static/bower_components/datatables-responsive/css/dataTables.responsive.css
ERR: 非法操作:Static

[ 2016-02-24T17:47:56+08:00 ] ::1 /Public/Static/bower_components/datatables-responsive/css/dataTables.responsive.css
ERR: 非法操作:Static

[ 2016-02-24T17:48:12+08:00 ] ::1 /Public/Static/bower_components/datatables-responsive/css/dataTables.responsive.css
ERR: 非法操作:Static

[ 2016-02-24T17:48:59+08:00 ] ::1 /Public/Static/bower_components/datatables-responsive/css/dataTables.responsive.css
ERR: 非法操作:Static

