[ 2016-01-25T16:58:43+08:00 ] ::1 /__PUBLIC__/Static/dist/css/timeline.css
INFO: [ app_init ] --START--
INFO: Run Behavior\BuildLiteBehavior [ RunTime:0.000000s ]
INFO: [ app_init ] --END-- [ RunTime:0.000000s ]
ERR: 无法加载模块:__PUBLIC__

[ 2016-01-25T16:58:43+08:00 ] ::1 /__PUBLIC__/Static/bower_components/morrisjs/morris.css
INFO: [ app_init ] --START--
INFO: Run Behavior\BuildLiteBehavior [ RunTime:0.000000s ]
INFO: [ app_init ] --END-- [ RunTime:0.001000s ]
ERR: 无法加载模块:__PUBLIC__

[ 2016-01-25T16:58:43+08:00 ] ::1 /__PUBLIC__/Static/dist/css/sb-admin-2.css
INFO: [ app_init ] --START--
INFO: Run Behavior\BuildLiteBehavior [ RunTime:0.000000s ]
INFO: [ app_init ] --END-- [ RunTime:0.001000s ]
ERR: 无法加载模块:__PUBLIC__

[ 2016-01-25T16:58:43+08:00 ] ::1 /__PUBLIC__/Static/bower_components/bootstrap/dist/css/bootstrap.min.css
INFO: [ app_init ] --START--
INFO: Run Behavior\BuildLiteBehavior [ RunTime:0.000000s ]
INFO: [ app_init ] --END-- [ RunTime:0.000000s ]
ERR: 无法加载模块:__PUBLIC__

[ 2016-01-25T16:58:43+08:00 ] ::1 /__PUBLIC__/Static/bower_components/metisMenu/dist/metisMenu.min.css
INFO: [ app_init ] --START--
INFO: Run Behavior\BuildLiteBehavior [ RunTime:0.000000s ]
INFO: [ app_init ] --END-- [ RunTime:0.001000s ]
ERR: 无法加载模块:__PUBLIC__

[ 2016-01-25T16:58:43+08:00 ] ::1 /__PUBLIC__/Static/bower_components/font-awesome/css/font-awesome.min.css
INFO: [ app_init ] --START--
INFO: Run Behavior\BuildLiteBehavior [ RunTime:0.000000s ]
INFO: [ app_init ] --END-- [ RunTime:0.000000s ]
ERR: 无法加载模块:__PUBLIC__

[ 2016-01-25T16:58:43+08:00 ] ::1 /__PUBLIC__/Static/bower_components/jquery/dist/jquery.min.js
INFO: [ app_init ] --START--
INFO: Run Behavior\BuildLiteBehavior [ RunTime:0.000000s ]
INFO: [ app_init ] --END-- [ RunTime:0.000000s ]
ERR: 无法加载模块:__PUBLIC__

[ 2016-01-25T16:58:43+08:00 ] ::1 /__PUBLIC__/Static/bower_components/bootstrap/dist/js/bootstrap.min.js
INFO: [ app_init ] --START--
INFO: Run Behavior\BuildLiteBehavior [ RunTime:0.000000s ]
INFO: [ app_init ] --END-- [ RunTime:0.000000s ]
ERR: 无法加载模块:__PUBLIC__

[ 2016-01-25T16:58:43+08:00 ] ::1 /__PUBLIC__/Static/dist/js/sb-admin-2.js
INFO: [ app_init ] --START--
INFO: Run Behavior\BuildLiteBehavior [ RunTime:0.000000s ]
INFO: [ app_init ] --END-- [ RunTime:0.001000s ]
ERR: 无法加载模块:__PUBLIC__

[ 2016-01-25T16:58:43+08:00 ] ::1 /__PUBLIC__/Static/bower_components/metisMenu/dist/metisMenu.min.js
INFO: [ app_init ] --START--
INFO: Run Behavior\BuildLiteBehavior [ RunTime:0.000000s ]
INFO: [ app_init ] --END-- [ RunTime:0.001000s ]
ERR: 无法加载模块:__PUBLIC__

[ 2016-01-25T16:58:43+08:00 ] ::1 /__PUBLIC__/Static/js/morris-data.js
INFO: [ app_init ] --START--
INFO: Run Behavior\BuildLiteBehavior [ RunTime:0.000000s ]
INFO: [ app_init ] --END-- [ RunTime:0.001000s ]
ERR: 无法加载模块:__PUBLIC__

[ 2016-01-25T16:58:43+08:00 ] ::1 /__PUBLIC__/Static/bower_components/morrisjs/morris.min.js
INFO: [ app_init ] --START--
INFO: Run Behavior\BuildLiteBehavior [ RunTime:0.000000s ]
INFO: [ app_init ] --END-- [ RunTime:0.000000s ]
ERR: 无法加载模块:__PUBLIC__

[ 2016-01-25T16:58:43+08:00 ] ::1 /__PUBLIC__/Static/bower_components/raphael/raphael-min.js
INFO: [ app_init ] --START--
INFO: Run Behavior\BuildLiteBehavior [ RunTime:0.000000s ]
INFO: [ app_init ] --END-- [ RunTime:0.001000s ]
ERR: 无法加载模块:__PUBLIC__

[ 2016-01-25T16:58:49+08:00 ] ::1 /__PUBLIC__/Static/bower_components/bootstrap/dist/css/bootstrap.min.css
INFO: [ app_init ] --START--
INFO: Run Behavior\BuildLiteBehavior [ RunTime:0.000000s ]
INFO: [ app_init ] --END-- [ RunTime:0.000000s ]
ERR: 无法加载模块:__PUBLIC__

[ 2016-01-25T16:58:49+08:00 ] ::1 /__PUBLIC__/Static/bower_components/morrisjs/morris.css
INFO: [ app_init ] --START--
INFO: Run Behavior\BuildLiteBehavior [ RunTime:0.000000s ]
INFO: [ app_init ] --END-- [ RunTime:0.000000s ]
ERR: 无法加载模块:__PUBLIC__

[ 2016-01-25T16:58:49+08:00 ] ::1 /__PUBLIC__/Static/bower_components/font-awesome/css/font-awesome.min.css
INFO: [ app_init ] --START--
INFO: Run Behavior\BuildLiteBehavior [ RunTime:0.000000s ]
INFO: [ app_init ] --END-- [ RunTime:0.000000s ]
ERR: 无法加载模块:__PUBLIC__

[ 2016-01-25T16:58:49+08:00 ] ::1 /__PUBLIC__/Static/bower_components/metisMenu/dist/metisMenu.min.css
INFO: [ app_init ] --START--
INFO: Run Behavior\BuildLiteBehavior [ RunTime:0.000000s ]
INFO: [ app_init ] --END-- [ RunTime:0.000000s ]
ERR: 无法加载模块:__PUBLIC__

[ 2016-01-25T16:58:49+08:00 ] ::1 /__PUBLIC__/Static/dist/css/timeline.css
INFO: [ app_init ] --START--
INFO: Run Behavior\BuildLiteBehavior [ RunTime:0.000000s ]
INFO: [ app_init ] --END-- [ RunTime:0.000000s ]
ERR: 无法加载模块:__PUBLIC__

[ 2016-01-25T16:58:49+08:00 ] ::1 /__PUBLIC__/Static/dist/css/sb-admin-2.css
INFO: [ app_init ] --START--
INFO: Run Behavior\BuildLiteBehavior [ RunTime:0.000000s ]
INFO: [ app_init ] --END-- [ RunTime:0.001000s ]
ERR: 无法加载模块:__PUBLIC__

[ 2016-01-25T17:02:31+08:00 ] ::1 /index.html
INFO: [ app_init ] --START--
INFO: Run Behavior\BuildLiteBehavior [ RunTime:0.000000s ]
INFO: [ app_init ] --END-- [ RunTime:0.001000s ]
ERR: 无法加载模块:Index

